TN:
SF:src/index.ts
FN:4,(anonymous_1)
FN:5,(anonymous_2)
FN:10,(anonymous_3)
FN:11,(anonymous_4)
FN:12,(anonymous_5)
FN:13,(anonymous_6)
FN:14,(anonymous_7)
FN:15,(anonymous_8)
FN:16,(anonymous_9)
FN:17,(anonymous_10)
FN:19,(anonymous_11)
FN:20,(anonymous_12)
FN:21,(anonymous_13)
FN:22,(anonymous_14)
FN:23,(anonymous_15)
FN:24,(anonymous_16)
FN:26,(anonymous_17)
FN:27,(anonymous_18)
FN:29,(anonymous_19)
FN:30,(anonymous_20)
FN:31,(anonymous_21)
FN:33,(anonymous_22)
FN:34,(anonymous_23)
FN:35,(anonymous_24)
FN:36,(anonymous_25)
FN:37,(anonymous_26)
FN:38,(anonymous_27)
FN:39,(anonymous_28)
FN:43,(anonymous_29)
FN:44,(anonymous_30)
FN:45,(anonymous_31)
FN:46,(anonymous_32)
FN:47,(anonymous_33)
FN:48,(anonymous_34)
FN:50,(anonymous_35)
FN:52,(anonymous_36)
FN:54,(anonymous_37)
FN:56,(anonymous_38)
FNF:38
FNH:36
FNDA:0,(anonymous_1)
FNDA:25,(anonymous_2)
FNDA:80,(anonymous_3)
FNDA:5,(anonymous_4)
FNDA:13,(anonymous_5)
FNDA:3,(anonymous_6)
FNDA:43,(anonymous_7)
FNDA:12,(anonymous_8)
FNDA:24,(anonymous_9)
FNDA:29,(anonymous_10)
FNDA:6,(anonymous_11)
FNDA:21,(anonymous_12)
FNDA:5,(anonymous_13)
FNDA:13,(anonymous_14)
FNDA:8,(anonymous_15)
FNDA:1,(anonymous_16)
FNDA:13,(anonymous_17)
FNDA:2,(anonymous_18)
FNDA:5,(anonymous_19)
FNDA:2,(anonymous_20)
FNDA:84,(anonymous_21)
FNDA:13,(anonymous_22)
FNDA:10,(anonymous_23)
FNDA:12,(anonymous_24)
FNDA:12,(anonymous_25)
FNDA:15,(anonymous_26)
FNDA:12,(anonymous_27)
FNDA:8,(anonymous_28)
FNDA:7,(anonymous_29)
FNDA:18,(anonymous_30)
FNDA:8,(anonymous_31)
FNDA:0,(anonymous_32)
FNDA:2,(anonymous_33)
FNDA:51,(anonymous_34)
FNDA:15,(anonymous_35)
FNDA:6,(anonymous_36)
FNDA:83,(anonymous_37)
FNDA:1,(anonymous_38)
DA:1,25
DA:3,25
DA:4,25
DA:5,50
DA:10,105
DA:11,30
DA:12,38
DA:13,28
DA:14,68
DA:15,37
DA:16,49
DA:17,54
DA:18,25
DA:19,31
DA:20,46
DA:21,30
DA:22,38
DA:23,33
DA:24,26
DA:26,38
DA:27,27
DA:28,25
DA:29,30
DA:30,27
DA:31,109
DA:33,38
DA:34,35
DA:35,37
DA:36,37
DA:37,40
DA:38,37
DA:39,33
DA:43,32
DA:44,43
DA:45,33
DA:46,25
DA:47,27
DA:48,76
DA:49,25
DA:50,40
DA:52,31
DA:54,108
DA:56,26
DA:57,25
LF:44
LH:44
BRF:0
BRH:0
end_of_record
TN:
SF:src/core/app.ts
FN:60,(anonymous_1)
FN:74,(anonymous_2)
FN:111,(anonymous_3)
FN:122,(anonymous_4)
FN:132,(anonymous_5)
FN:137,(anonymous_6)
FN:142,(anonymous_7)
FN:147,(anonymous_8)
FN:159,(anonymous_9)
FN:171,(anonymous_10)
FN:183,(anonymous_11)
FN:195,(anonymous_12)
FN:207,(anonymous_13)
FN:219,(anonymous_14)
FN:238,(anonymous_15)
FN:248,(anonymous_16)
FN:258,(anonymous_17)
FN:330,(anonymous_18)
FN:353,(anonymous_19)
FN:411,(anonymous_20)
FN:467,(anonymous_21)
FN:472,(anonymous_22)
FN:477,(anonymous_23)
FN:482,(anonymous_24)
FN:487,(anonymous_25)
FN:501,(anonymous_26)
FN:506,(anonymous_27)
FNF:27
FNH:27
FNDA:98,(anonymous_1)
FNDA:60,(anonymous_2)
FNDA:44,(anonymous_3)
FNDA:60,(anonymous_4)
FNDA:84,(anonymous_5)
FNDA:27,(anonymous_6)
FNDA:27,(anonymous_7)
FNDA:17,(anonymous_8)
FNDA:9,(anonymous_9)
FNDA:15,(anonymous_10)
FNDA:13,(anonymous_11)
FNDA:19,(anonymous_12)
FNDA:17,(anonymous_13)
FNDA:59,(anonymous_14)
FNDA:42,(anonymous_15)
FNDA:31,(anonymous_16)
FNDA:28,(anonymous_17)
FNDA:4,(anonymous_18)
FNDA:4,(anonymous_19)
FNDA:60,(anonymous_20)
FNDA:1,(anonymous_21)
FNDA:186,(anonymous_22)
FNDA:1,(anonymous_23)
FNDA:3,(anonymous_24)
FNDA:2,(anonymous_25)
FNDA:101,(anonymous_26)
FNDA:24,(anonymous_27)
DA:2,25
DA:3,25
DA:5,25
DA:6,25
DA:7,25
DA:57,25
DA:61,98
DA:68,25
DA:75,60
DA:76,60
DA:77,60
DA:79,60
DA:87,60
DA:90,60
DA:93,60
DA:105,60
DA:112,44
DA:113,44
DA:114,23
DA:118,44
DA:123,60
DA:124,60
DA:133,84
DA:138,27
DA:143,27
DA:148,17
DA:149,17
DA:150,18
DA:151,13
DA:152,13
DA:155,17
DA:160,9
DA:161,9
DA:162,9
DA:163,7
DA:164,7
DA:167,9
DA:172,15
DA:173,15
DA:174,16
DA:175,11
DA:176,11
DA:179,15
DA:184,13
DA:185,13
DA:186,9
DA:187,7
DA:188,7
DA:191,13
DA:196,19
DA:197,19
DA:198,20
DA:199,15
DA:200,15
DA:203,19
DA:208,17
DA:209,17
DA:210,13
DA:211,7
DA:212,7
DA:215,17
DA:220,59
DA:221,59
DA:222,1
DA:227,58
DA:228,56
DA:231,58
DA:233,58
DA:237,58
DA:238,36
DA:239,42
DA:247,58
DA:248,27
DA:249,31
DA:257,58
DA:258,22
DA:259,28
DA:269,58
DA:270,42
DA:271,42
DA:272,42
DA:277,42
DA:278,2
DA:280,42
DA:281,2
DA:285,58
DA:286,31
DA:287,31
DA:288,31
DA:293,31
DA:294,2
DA:296,31
DA:297,2
DA:301,58
DA:302,28
DA:303,28
DA:304,28
DA:309,28
DA:310,4
DA:312,26
DA:313,4
DA:319,54
DA:326,54
DA:331,4
DA:332,3
DA:334,1
DA:337,1
DA:340,54
DA:346,54
DA:348,54
DA:349,27
DA:354,4
DA:355,3
DA:357,1
DA:360,1
DA:363,27
DA:368,54
DA:369,42
DA:370,42
DA:371,6
DA:373,40
DA:374,4
DA:376,38
DA:379,50
DA:380,31
DA:381,31
DA:382,4
DA:384,29
DA:385,4
DA:387,27
DA:390,46
DA:391,24
DA:392,24
DA:393,6
DA:395,22
DA:396,2
DA:398,22
DA:401,44
DA:402,44
DA:404,15
DA:405,15
DA:406,15
DA:414,60
DA:415,60
DA:419,60
DA:420,42
DA:421,38
DA:422,2
DA:424,38
DA:425,4
DA:430,60
DA:434,60
DA:435,31
DA:436,27
DA:437,2
DA:439,27
DA:440,2
DA:445,60
DA:449,60
DA:450,28
DA:451,22
DA:452,2
DA:454,22
DA:455,4
DA:460,60
DA:462,60
DA:463,60
DA:468,1
DA:473,186
DA:478,1
DA:483,3
DA:490,2
DA:491,2
DA:493,2
DA:494,2
DA:495,2
DA:506,101
DA:507,24
DA:508,12
DA:509,6
DA:511,6
DA:515,12
DA:518,12
DA:519,6
DA:521,6
LF:185
LH:185
BRDA:77,0,0,0
BRDA:80,1,0,60
BRDA:80,1,1,58
BRDA:113,2,0,23
BRDA:113,2,1,21
BRDA:150,3,0,13
BRDA:150,3,1,5
BRDA:162,4,0,7
BRDA:162,4,1,2
BRDA:174,5,0,11
BRDA:174,5,1,5
BRDA:186,6,0,7
BRDA:186,6,1,2
BRDA:198,7,0,15
BRDA:198,7,1,5
BRDA:210,8,0,7
BRDA:210,8,1,6
BRDA:221,9,0,1
BRDA:221,9,1,58
BRDA:227,10,0,56
BRDA:227,10,1,2
BRDA:237,11,0,36
BRDA:237,11,1,22
BRDA:247,12,0,27
BRDA:247,12,1,31
BRDA:257,13,0,22
BRDA:257,13,1,36
BRDA:277,14,0,2
BRDA:277,14,1,40
BRDA:280,15,0,2
BRDA:280,15,1,40
BRDA:293,16,0,2
BRDA:293,16,1,29
BRDA:296,17,0,2
BRDA:296,17,1,29
BRDA:309,18,0,4
BRDA:309,18,1,24
BRDA:312,19,0,4
BRDA:312,19,1,22
BRDA:331,20,0,3
BRDA:331,20,1,1
BRDA:342,21,0,54
BRDA:342,21,1,18
BRDA:348,22,0,27
BRDA:348,22,1,27
BRDA:354,23,0,3
BRDA:354,23,1,1
BRDA:370,24,0,6
BRDA:370,24,1,36
BRDA:373,25,0,4
BRDA:373,25,1,36
BRDA:381,26,0,4
BRDA:381,26,1,27
BRDA:384,27,0,4
BRDA:384,27,1,25
BRDA:392,28,0,6
BRDA:392,28,1,18
BRDA:395,29,0,2
BRDA:395,29,1,20
BRDA:404,30,0,0
BRDA:404,30,1,15
BRDA:404,31,0,15
BRDA:404,31,1,0
BRDA:420,32,0,38
BRDA:420,32,1,4
BRDA:421,33,0,2
BRDA:421,33,1,36
BRDA:424,34,0,4
BRDA:424,34,1,34
BRDA:435,35,0,27
BRDA:435,35,1,4
BRDA:436,36,0,2
BRDA:436,36,1,25
BRDA:439,37,0,2
BRDA:439,37,1,25
BRDA:450,38,0,22
BRDA:450,38,1,6
BRDA:451,39,0,2
BRDA:451,39,1,20
BRDA:454,40,0,4
BRDA:454,40,1,18
BRDA:493,41,0,2
BRDA:493,41,1,1
BRDA:507,42,0,12
BRDA:507,42,1,12
BRDA:508,43,0,6
BRDA:508,43,1,6
BRDA:515,44,0,12
BRDA:515,44,1,8
BRDA:515,44,2,4
BRDA:518,45,0,6
BRDA:518,45,1,6
BRF:92
BRH:89
end_of_record
TN:
SF:src/core/config.ts
FN:66,readJson
FN:85,readConfig
FN:93,readPackage
FN:102,assignEnvironment
FN:103,(anonymous_10)
FN:113,loadEnvironmentConfig
FN:127,readConfiguration
FNF:7
FNH:7
FNDA:233,readJson
FNDA:155,readConfig
FNDA:78,readPackage
FNDA:77,assignEnvironment
FNDA:378,(anonymous_10)
FNDA:77,loadEnvironmentConfig
FNDA:78,readConfiguration
DA:2,25
DA:3,25
DA:4,25
DA:67,233
DA:68,233
DA:69,228
DA:71,6
DA:75,1
DA:78,5
DA:86,155
DA:87,155
DA:94,78
DA:95,78
DA:103,77
DA:104,378
DA:106,77
DA:118,77
DA:127,25
DA:133,78
DA:137,78
DA:138,78
DA:142,78
DA:144,78
DA:145,77
DA:150,77
DA:154,77
DA:155,77
DA:156,77
DA:158,77
DA:159,77
DA:160,77
DA:164,77
DA:165,77
DA:169,77
DA:170,2
DA:173,77
DA:174,3
DA:179,77
LF:38
LH:38
BRDA:71,0,0,1
BRDA:71,0,1,5
BRDA:72,1,0,6
BRDA:72,1,1,5
BRDA:72,1,2,5
BRDA:104,2,0,378
BRDA:104,2,1,378
BRDA:144,3,0,77
BRDA:144,3,1,1
BRDA:160,4,0,77
BRDA:160,4,1,77
BRDA:169,5,0,2
BRDA:169,5,1,75
BRDA:173,6,0,3
BRDA:173,6,1,74
BRF:15
BRH:15
end_of_record
TN:
SF:src/core/context.ts
FN:25,(anonymous_1)
FN:37,(anonymous_2)
FN:42,(anonymous_3)
FN:55,(anonymous_4)
FN:87,(anonymous_5)
FN:89,(anonymous_6)
FN:94,(anonymous_7)
FN:96,(anonymous_8)
FN:101,(anonymous_9)
FN:107,(anonymous_10)
FN:112,(anonymous_11)
FN:119,(anonymous_12)
FN:124,(anonymous_13)
FN:129,(anonymous_14)
FNF:14
FNH:14
FNDA:80,(anonymous_1)
FNDA:1,(anonymous_2)
FNDA:116,(anonymous_3)
FNDA:78,(anonymous_4)
FNDA:476,(anonymous_5)
FNDA:479,(anonymous_6)
FNDA:192,(anonymous_7)
FNDA:195,(anonymous_8)
FNDA:7,(anonymous_9)
FNDA:11,(anonymous_10)
FNDA:25,(anonymous_11)
FNDA:31,(anonymous_12)
FNDA:85,(anonymous_13)
FNDA:2,(anonymous_14)
DA:1,25
DA:2,25
DA:3,25
DA:4,25
DA:17,25
DA:25,80
DA:31,80
DA:38,1
DA:43,116
DA:44,1
DA:46,115
DA:58,78
DA:63,77
DA:64,77
DA:68,77
DA:69,4
DA:70,4
DA:75,77
DA:76,74
DA:80,74
DA:88,476
DA:89,479
DA:95,192
DA:96,195
DA:102,7
DA:107,11
DA:113,25
DA:119,31
DA:125,85
DA:130,2
LF:30
LH:30
BRDA:43,0,0,1
BRDA:43,0,1,115
BRDA:68,1,0,4
BRDA:68,1,1,73
BRDA:69,2,0,4
BRDA:69,2,1,4
BRDA:75,3,0,74
BRDA:75,3,1,3
BRDA:88,4,0,472
BRDA:88,4,1,4
BRDA:95,5,0,187
BRDA:95,5,1,5
BRDA:95,6,0,192
BRDA:95,6,1,191
BRDA:102,7,0,5
BRDA:102,7,1,2
BRDA:103,8,0,7
BRDA:103,8,1,6
BRDA:103,8,2,3
BRDA:113,9,0,24
BRDA:113,9,1,1
BRDA:114,10,0,25
BRDA:114,10,1,24
BRDA:114,10,2,3
BRDA:114,10,3,2
BRF:25
BRH:25
end_of_record
TN:
SF:src/core/http-error.ts
FN:5,(anonymous_0)
FNF:1
FNH:1
FNDA:26,(anonymous_0)
DA:4,25
DA:5,26
DA:6,26
LF:3
LH:3
BRF:0
BRH:0
end_of_record
TN:
SF:src/core/http-server.ts
FN:29,(anonymous_7)
FN:37,(anonymous_8)
FN:62,(anonymous_9)
FN:73,(anonymous_10)
FN:90,(anonymous_11)
FN:100,(anonymous_12)
FN:109,(anonymous_13)
FN:120,(anonymous_14)
FN:129,(anonymous_15)
FN:140,(anonymous_16)
FN:149,(anonymous_17)
FN:160,(anonymous_18)
FN:169,(anonymous_19)
FN:180,(anonymous_20)
FN:189,(anonymous_21)
FN:200,(anonymous_22)
FN:214,(anonymous_23)
FN:221,(anonymous_24)
FN:228,(anonymous_25)
FN:241,(anonymous_26)
FN:257,(anonymous_27)
FN:264,(anonymous_28)
FN:288,(anonymous_29)
FN:297,(anonymous_30)
FN:300,(anonymous_31)
FN:301,(anonymous_32)
FN:303,(anonymous_33)
FN:314,(anonymous_34)
FN:332,(anonymous_35)
FN:348,(anonymous_36)
FN:354,(anonymous_37)
FN:361,(anonymous_38)
FN:362,(anonymous_39)
FN:365,(anonymous_40)
FN:373,(anonymous_41)
FN:427,(anonymous_42)
FN:433,(anonymous_43)
FN:441,(anonymous_44)
FN:459,(anonymous_45)
FN:468,(anonymous_46)
FN:479,(anonymous_47)
FN:487,(anonymous_48)
FN:498,(anonymous_49)
FN:509,(anonymous_50)
FN:510,(anonymous_51)
FN:511,(anonymous_52)
FN:525,(anonymous_53)
FN:531,(anonymous_54)
FN:548,(anonymous_55)
FN:553,(anonymous_56)
FN:580,(anonymous_57)
FN:587,(anonymous_58)
FN:593,(anonymous_59)
FN:597,(anonymous_60)
FN:617,(anonymous_61)
FNF:55
FNH:52
FNDA:85,(anonymous_7)
FNDA:455,(anonymous_8)
FNDA:1,(anonymous_9)
FNDA:135,(anonymous_10)
FNDA:488,(anonymous_11)
FNDA:116,(anonymous_12)
FNDA:24,(anonymous_13)
FNDA:55,(anonymous_14)
FNDA:5,(anonymous_15)
FNDA:414,(anonymous_16)
FNDA:29,(anonymous_17)
FNDA:45,(anonymous_18)
FNDA:3,(anonymous_19)
FNDA:55,(anonymous_20)
FNDA:3,(anonymous_21)
FNDA:59,(anonymous_22)
FNDA:20,(anonymous_23)
FNDA:0,(anonymous_24)
FNDA:120,(anonymous_25)
FNDA:20,(anonymous_26)
FNDA:9,(anonymous_27)
FNDA:16,(anonymous_28)
FNDA:20,(anonymous_29)
FNDA:137,(anonymous_30)
FNDA:137,(anonymous_31)
FNDA:1,(anonymous_32)
FNDA:1,(anonymous_33)
FNDA:1,(anonymous_34)
FNDA:137,(anonymous_35)
FNDA:137,(anonymous_36)
FNDA:13,(anonymous_37)
FNDA:137,(anonymous_38)
FNDA:144,(anonymous_39)
FNDA:439,(anonymous_40)
FNDA:439,(anonymous_41)
FNDA:64,(anonymous_42)
FNDA:0,(anonymous_43)
FNDA:0,(anonymous_44)
FNDA:2,(anonymous_45)
FNDA:4,(anonymous_46)
FNDA:58,(anonymous_47)
FNDA:1,(anonymous_48)
FNDA:57,(anonymous_49)
FNDA:30,(anonymous_50)
FNDA:27,(anonymous_51)
FNDA:57,(anonymous_52)
FNDA:30,(anonymous_53)
FNDA:30,(anonymous_54)
FNDA:27,(anonymous_55)
FNDA:27,(anonymous_56)
FNDA:57,(anonymous_57)
FNDA:57,(anonymous_58)
FNDA:14,(anonymous_59)
FNDA:6,(anonymous_60)
FNDA:65,(anonymous_61)
DA:2,25
DA:3,25
DA:5,25
DA:6,25
DA:7,25
DA:8,25
DA:9,25
DA:12,25
DA:17,25
DA:28,25
DA:30,85
DA:31,85
DA:33,85
DA:34,85
DA:35,85
DA:36,85
DA:37,85
DA:38,455
DA:40,85
DA:53,85
DA:56,85
DA:63,1
DA:64,1
DA:72,25
DA:74,135
DA:75,135
DA:76,135
DA:77,135
DA:81,135
DA:87,135
DA:91,488
DA:92,486
DA:93,486
DA:94,486
DA:105,116
DA:106,116
DA:107,21
DA:109,116
DA:110,24
DA:125,55
DA:126,55
DA:127,21
DA:129,55
DA:130,5
DA:145,414
DA:146,414
DA:147,21
DA:149,414
DA:150,29
DA:165,45
DA:166,45
DA:167,21
DA:169,45
DA:170,3
DA:185,55
DA:186,55
DA:187,21
DA:189,55
DA:190,3
DA:205,59
DA:206,59
DA:207,6
DA:210,59
DA:212,59
DA:219,20
DA:220,20
DA:221,0
DA:222,0
DA:223,0
DA:224,0
DA:226,0
DA:228,20
DA:229,120
DA:231,20
DA:232,20
DA:242,20
DA:248,20
DA:250,20
DA:251,6
DA:253,14
DA:258,9
DA:259,9
DA:260,9
DA:265,16
DA:266,16
DA:267,0
DA:270,16
DA:271,1
DA:272,1
DA:273,1
DA:276,15
DA:277,15
DA:281,10
DA:282,10
DA:285,5
DA:289,20
DA:290,20
DA:291,20
DA:298,137
DA:299,137
DA:300,137
DA:301,137
DA:302,1
DA:303,1
DA:304,1
DA:305,1
DA:306,1
DA:307,1
DA:308,1
DA:312,137
DA:315,1
DA:316,1
DA:317,1
DA:321,1
DA:325,1
DA:326,1
DA:330,137
DA:332,137
DA:333,137
DA:334,137
DA:335,137
DA:338,137
DA:340,0
DA:341,0
DA:349,137
DA:350,137
DA:351,137
DA:352,137
DA:354,137
DA:355,13
DA:357,137
DA:362,137
DA:363,144
DA:364,144
DA:365,143
DA:366,439
DA:378,439
DA:379,439
DA:381,168
DA:382,59
DA:388,109
DA:394,168
DA:396,55
DA:401,55
DA:403,116
DA:408,116
DA:410,45
DA:415,45
DA:417,55
DA:422,55
DA:433,64
DA:434,0
DA:437,64
DA:438,64
DA:440,64
DA:441,0
DA:442,0
DA:443,0
DA:444,0
DA:446,0
DA:449,64
DA:450,10
DA:451,10
DA:452,4
DA:453,4
DA:454,2
DA:458,10
DA:459,2
DA:460,2
DA:461,2
DA:462,2
DA:464,2
DA:467,8
DA:468,4
DA:469,4
DA:470,4
DA:471,4
DA:473,4
DA:477,58
DA:478,58
DA:479,58
DA:480,58
DA:481,58
DA:483,58
DA:484,25
DA:485,25
DA:487,1
DA:488,1
DA:489,1
DA:490,1
DA:492,1
DA:496,57
DA:497,57
DA:499,57
DA:500,48
DA:502,9
DA:509,30
DA:510,27
DA:512,57
DA:513,57
DA:514,57
DA:531,30
DA:532,30
DA:533,30
DA:534,30
DA:535,30
DA:536,21
DA:537,16
DA:539,5
DA:542,9
DA:553,27
DA:554,27
DA:555,27
DA:556,27
DA:557,27
DA:558,27
DA:559,1
DA:566,26
DA:567,4
DA:573,22
DA:587,57
DA:588,57
DA:589,57
DA:590,36
DA:591,27
DA:592,20
DA:594,14
DA:595,14
DA:598,6
DA:599,6
DA:602,7
DA:603,7
DA:606,9
DA:607,9
DA:610,21
DA:611,21
DA:621,65
DA:622,65
DA:623,1
DA:626,65
DA:627,65
DA:628,1
DA:631,65
DA:632,65
DA:633,1
DA:634,1
DA:637,65
LF:247
LH:233
BRDA:91,0,0,486
BRDA:91,0,1,2
BRDA:93,1,0,486
BRDA:93,1,1,0
BRDA:106,2,0,21
BRDA:106,2,1,95
BRDA:126,3,0,21
BRDA:126,3,1,34
BRDA:146,4,0,21
BRDA:146,4,1,393
BRDA:166,5,0,21
BRDA:166,5,1,24
BRDA:186,6,0,21
BRDA:186,6,1,34
BRDA:206,7,0,6
BRDA:206,7,1,53
BRDA:220,8,0,0
BRDA:220,8,1,20
BRDA:233,9,0,0
BRDA:233,9,1,20
BRDA:250,10,0,6
BRDA:250,10,1,14
BRDA:259,11,0,9
BRDA:259,11,1,0
BRDA:266,12,0,0
BRDA:266,12,1,16
BRDA:270,13,0,1
BRDA:270,13,1,15
BRDA:277,14,0,10
BRDA:277,14,1,5
BRDA:278,15,0,15
BRDA:278,15,1,12
BRDA:298,16,0,1
BRDA:298,16,1,136
BRDA:333,17,0,137
BRDA:333,17,1,0
BRDA:349,18,0,137
BRDA:349,18,1,0
BRDA:364,19,0,143
BRDA:364,19,1,1
BRDA:380,20,0,168
BRDA:380,20,1,55
BRDA:380,20,2,116
BRDA:380,20,3,45
BRDA:380,20,4,55
BRDA:381,21,0,59
BRDA:381,21,1,109
BRDA:440,22,0,0
BRDA:440,22,1,64
BRDA:449,23,0,10
BRDA:449,23,1,54
BRDA:451,24,0,4
BRDA:451,24,1,6
BRDA:453,25,0,2
BRDA:453,25,1,2
BRDA:458,26,0,2
BRDA:458,26,1,8
BRDA:467,27,0,4
BRDA:467,27,1,4
BRDA:481,28,0,58
BRDA:481,28,1,0
BRDA:483,29,0,25
BRDA:483,29,1,33
BRDA:499,30,0,48
BRDA:499,30,1,9
BRDA:513,31,0,57
BRDA:513,31,1,1
BRDA:532,32,0,30
BRDA:532,32,1,9
BRDA:535,33,0,21
BRDA:535,33,1,9
BRDA:536,34,0,16
BRDA:536,34,1,5
BRDA:554,35,0,27
BRDA:554,35,1,1
BRDA:558,36,0,1
BRDA:558,36,1,26
BRDA:566,37,0,4
BRDA:566,37,1,22
BRDA:590,38,0,27
BRDA:590,38,1,9
BRDA:591,39,0,20
BRDA:591,39,1,7
BRDA:591,40,0,27
BRDA:591,40,1,20
BRDA:622,41,0,1
BRDA:622,41,1,64
BRDA:627,42,0,1
BRDA:627,42,1,64
BRDA:632,43,0,1
BRDA:632,43,1,64
BRF:91
BRH:82
end_of_record
TN:
SF:src/core/index.html.ts
FNF:0
FNH:0
DA:1,25
LF:1
LH:1
BRF:0
BRH:0
end_of_record
TN:
SF:src/core/metadata.ts
FN:8,(anonymous_0)
FN:17,(anonymous_1)
FN:30,(anonymous_2)
FN:52,(anonymous_3)
FN:62,(anonymous_4)
FN:81,(anonymous_5)
FN:94,(anonymous_6)
FN:102,(anonymous_7)
FNF:8
FNH:8
FNDA:24,(anonymous_0)
FNDA:24,(anonymous_1)
FNDA:402,(anonymous_2)
FNDA:24,(anonymous_3)
FNDA:67,(anonymous_4)
FNDA:93,(anonymous_5)
FNDA:33,(anonymous_6)
FNDA:3,(anonymous_7)
DA:2,25
DA:7,25
DA:8,24
DA:16,25
DA:18,24
DA:19,24
DA:20,24
DA:21,24
DA:22,24
DA:29,25
DA:31,402
DA:32,402
DA:34,402
DA:35,402
DA:36,402
DA:39,402
DA:40,402
DA:42,402
DA:45,402
DA:51,25
DA:53,24
DA:54,24
DA:55,24
DA:62,25
DA:64,67
DA:65,67
DA:66,67
DA:72,25
DA:80,25
DA:82,93
DA:83,93
DA:84,93
DA:85,93
DA:92,25
DA:94,33
DA:96,33
DA:102,25
DA:106,3
DA:110,25
DA:114,25
DA:117,25
DA:120,25
LF:42
LH:42
BRF:0
BRH:0
end_of_record
TN:
SF:src/core/openapi.ts
FN:36,isNativeType
FN:40,escapeSpecialChars
FN:61,(anonymous_3)
FN:94,(anonymous_4)
FN:116,(anonymous_5)
FN:128,(anonymous_6)
FN:134,(anonymous_7)
FN:153,(anonymous_8)
FN:167,(anonymous_9)
FN:233,(anonymous_10)
FN:249,(anonymous_11)
FN:254,(anonymous_12)
FN:261,(anonymous_13)
FN:271,(anonymous_14)
FN:281,(anonymous_15)
FN:286,(anonymous_16)
FN:293,(anonymous_17)
FN:295,(anonymous_18)
FN:302,(anonymous_19)
FN:382,(anonymous_20)
FN:419,(anonymous_21)
FN:446,(anonymous_22)
FNF:22
FNH:22
FNDA:57,isNativeType
FNDA:2,escapeSpecialChars
FNDA:63,(anonymous_3)
FNDA:6,(anonymous_4)
FNDA:6,(anonymous_5)
FNDA:31,(anonymous_6)
FNDA:6,(anonymous_7)
FNDA:12,(anonymous_8)
FNDA:45,(anonymous_9)
FNDA:6,(anonymous_10)
FNDA:2,(anonymous_11)
FNDA:1,(anonymous_12)
FNDA:1,(anonymous_13)
FNDA:1,(anonymous_14)
FNDA:6,(anonymous_15)
FNDA:5,(anonymous_16)
FNDA:37,(anonymous_17)
FNDA:31,(anonymous_18)
FNDA:60,(anonymous_19)
FNDA:3,(anonymous_20)
FNDA:2,(anonymous_21)
FNDA:60,(anonymous_22)
DA:1,25
DA:2,25
DA:3,25
DA:14,25
DA:15,25
DA:16,25
DA:20,25
DA:21,25
DA:31,25
DA:32,25
DA:33,25
DA:34,25
DA:37,57
DA:41,2
DA:58,25
DA:59,25
DA:62,63
DA:63,63
DA:66,63
DA:72,63
DA:73,63
DA:74,63
DA:76,63
DA:77,63
DA:78,63
DA:80,63
DA:81,63
DA:82,63
DA:84,63
DA:85,63
DA:86,63
DA:88,63
DA:89,63
DA:90,63
DA:95,6
DA:99,6
DA:104,6
DA:105,6
DA:108,6
DA:112,6
DA:113,6
DA:114,6
DA:116,6
DA:118,6
DA:119,6
DA:120,6
DA:121,5
DA:122,5
DA:128,6
DA:129,31
DA:134,6
DA:135,6
DA:140,6
DA:141,3
DA:150,6
DA:158,12
DA:159,12
DA:167,12
DA:168,45
DA:169,45
DA:170,45
DA:171,45
DA:172,18
DA:176,27
DA:177,12
DA:178,9
DA:185,3
DA:186,3
DA:187,3
DA:188,3
DA:190,3
DA:199,15
DA:200,3
DA:205,12
DA:206,12
DA:207,3
DA:211,3
DA:213,9
DA:214,9
DA:215,6
DA:219,6
DA:221,3
DA:230,12
DA:238,6
DA:244,6
DA:245,6
DA:250,2
DA:255,1
DA:256,1
DA:257,1
DA:262,1
DA:263,1
DA:267,1
DA:272,1
DA:273,1
DA:277,1
DA:282,6
DA:292,5
DA:293,5
DA:294,37
DA:295,37
DA:296,31
DA:299,37
DA:300,37
DA:302,37
DA:303,60
DA:304,30
DA:306,60
DA:310,60
DA:311,30
DA:312,3
DA:320,27
DA:321,27
DA:322,24
DA:323,24
DA:331,3
DA:343,37
DA:344,7
DA:349,37
DA:350,37
DA:351,30
DA:352,3
DA:362,27
DA:371,27
DA:372,27
DA:373,24
DA:378,37
DA:382,37
DA:383,3
DA:384,3
DA:385,3
DA:387,3
DA:408,37
DA:409,37
DA:415,37
DA:416,37
DA:417,37
DA:419,37
DA:420,2
DA:423,37
DA:424,30
DA:427,37
DA:428,30
DA:431,37
DA:432,3
DA:435,37
DA:436,30
DA:437,30
DA:444,37
DA:446,37
DA:447,60
DA:459,5
LF:152
LH:152
BRDA:37,0,0,57
BRDA:37,0,1,51
BRDA:37,0,2,36
BRDA:100,1,0,6
BRDA:100,1,1,0
BRDA:101,2,0,6
BRDA:101,2,1,0
BRDA:104,3,0,6
BRDA:104,3,1,0
BRDA:118,4,0,6
BRDA:118,4,1,4
BRDA:120,5,0,5
BRDA:120,5,1,1
BRDA:122,6,0,5
BRDA:122,6,1,5
BRDA:140,7,0,3
BRDA:140,7,1,3
BRDA:171,8,0,18
BRDA:171,8,1,27
BRDA:176,9,0,12
BRDA:176,9,1,15
BRDA:177,10,0,9
BRDA:177,10,1,3
BRDA:185,11,0,3
BRDA:185,11,1,0
BRDA:187,12,0,3
BRDA:187,12,1,0
BRDA:199,13,0,3
BRDA:199,13,1,12
BRDA:206,14,0,3
BRDA:206,14,1,9
BRDA:214,15,0,6
BRDA:214,15,1,3
BRDA:303,16,0,30
BRDA:303,16,1,30
BRDA:303,17,0,60
BRDA:303,17,1,60
BRDA:308,18,0,60
BRDA:308,18,1,30
BRDA:310,19,0,30
BRDA:310,19,1,30
BRDA:311,20,0,3
BRDA:311,20,1,27
BRDA:321,21,0,24
BRDA:321,21,1,3
BRDA:343,22,0,7
BRDA:343,22,1,30
BRDA:350,23,0,30
BRDA:350,23,1,7
BRDA:351,24,0,3
BRDA:351,24,1,27
BRDA:372,25,0,24
BRDA:372,25,1,3
BRDA:384,26,0,3
BRDA:384,26,1,0
BRDA:423,27,0,30
BRDA:423,27,1,7
BRDA:427,28,0,30
BRDA:427,28,1,7
BRDA:431,29,0,3
BRDA:431,29,1,34
BRDA:435,30,0,30
BRDA:435,30,1,7
BRF:63
BRH:57
end_of_record
TN:
SF:src/core/websocket-stream.ts
FN:35,(anonymous_0)
FN:59,(anonymous_1)
FN:64,(anonymous_2)
FN:69,(anonymous_3)
FN:85,(anonymous_4)
FN:93,(anonymous_5)
FN:99,(anonymous_6)
FN:104,(anonymous_7)
FN:120,(anonymous_8)
FNF:9
FNH:9
FNDA:20,(anonymous_0)
FNDA:2,(anonymous_1)
FNDA:1,(anonymous_2)
FNDA:134631,(anonymous_3)
FNDA:17,(anonymous_4)
FNDA:37,(anonymous_5)
FNDA:19,(anonymous_6)
FNDA:9,(anonymous_7)
FNDA:37,(anonymous_8)
DA:1,25
DA:4,25
DA:7,25
DA:10,25
DA:34,25
DA:36,20
DA:37,20
DA:38,20
DA:40,20
DA:41,20
DA:42,19
DA:47,20
DA:53,20
DA:59,20
DA:60,2
DA:65,1
DA:70,134631
DA:72,134631
DA:73,134631
DA:74,1
DA:75,1
DA:77,134629
DA:78,134629
DA:80,1
DA:86,17
DA:87,17
DA:89,17
DA:94,37
DA:95,37
DA:101,19
DA:103,19
DA:104,19
DA:105,9
DA:106,9
DA:110,0
DA:111,0
DA:113,9
DA:114,9
DA:121,37
DA:122,19
DA:123,19
LF:41
LH:39
BRDA:41,0,0,19
BRDA:41,0,1,1
BRDA:72,1,0,134631
BRDA:72,1,1,134631
BRDA:73,2,0,1
BRDA:73,2,1,134629
BRDA:101,3,0,19
BRDA:101,3,1,18
BRDA:106,4,0,0
BRDA:106,4,1,9
BRDA:107,5,0,9
BRDA:107,5,1,8
BRDA:121,6,0,19
BRDA:121,6,1,18
BRF:14
BRH:13
end_of_record
TN:
SF:src/decorators/bearer-auth.decorator.ts
FN:8,bearerAuth
FN:9,(anonymous_1)
FN:17,(anonymous_2)
FN:23,(anonymous_3)
FNF:4
FNH:4
FNDA:13,bearerAuth
FNDA:13,(anonymous_1)
FNDA:2,(anonymous_2)
FNDA:3,(anonymous_3)
DA:2,25
DA:8,25
DA:9,13
DA:15,13
DA:17,2
DA:20,13
DA:21,13
DA:23,3
DA:26,13
DA:28,13
LF:10
LH:10
BRDA:16,0,0,13
BRDA:16,0,1,1
BRDA:22,1,0,12
BRDA:22,1,1,1
BRF:4
BRH:4
end_of_record
TN:
SF:src/decorators/callback.decorator.ts
FN:9,callback
FN:10,(anonymous_1)
FN:18,(anonymous_2)
FN:24,(anonymous_3)
FNF:4
FNH:4
FNDA:3,callback
FNDA:3,(anonymous_1)
FNDA:1,(anonymous_2)
FNDA:3,(anonymous_3)
DA:2,25
DA:9,25
DA:10,3
DA:16,3
DA:18,1
DA:21,3
DA:22,3
DA:24,3
DA:27,3
DA:29,3
LF:10
LH:10
BRDA:17,0,0,3
BRDA:17,0,1,1
BRDA:23,1,0,2
BRDA:23,1,1,1
BRF:4
BRH:4
end_of_record
TN:
SF:src/decorators/controller.decorator.ts
FN:4,controller
FN:6,(anonymous_1)
FN:9,(anonymous_2)
FNF:3
FNH:3
FNDA:44,controller
FNDA:44,(anonymous_1)
FNDA:24,(anonymous_2)
DA:2,25
DA:4,25
DA:6,44
DA:7,44
DA:9,24
DA:12,44
DA:13,44
DA:14,44
DA:15,1
DA:18,44
LF:10
LH:10
BRDA:13,0,0,44
BRDA:13,0,1,31
BRDA:14,1,0,1
BRDA:14,1,1,43
BRDA:14,2,0,44
BRDA:14,2,1,13
BRF:6
BRH:6
end_of_record
TN:
SF:src/decorators/description.decorator.ts
FN:8,description
FN:9,(anonymous_1)
FN:17,(anonymous_2)
FN:23,(anonymous_3)
FNF:4
FNH:4
FNDA:12,description
FNDA:12,(anonymous_1)
FNDA:1,(anonymous_2)
FNDA:2,(anonymous_3)
DA:2,25
DA:8,25
DA:9,12
DA:15,12
DA:17,1
DA:20,12
DA:21,12
DA:23,2
DA:26,12
DA:28,12
LF:10
LH:10
BRDA:16,0,0,12
BRDA:16,0,1,1
BRDA:22,1,0,11
BRDA:22,1,1,1
BRF:4
BRH:4
end_of_record
TN:
SF:src/decorators/inject.decorator.ts
FN:9,inject
FN:10,(anonymous_1)
FN:17,(anonymous_2)
FNF:3
FNH:3
FNDA:24,inject
FNDA:24,(anonymous_1)
FNDA:12,(anonymous_2)
DA:3,25
DA:9,25
DA:10,24
DA:15,24
DA:17,12
DA:20,24
DA:28,24
LF:7
LH:7
BRDA:16,0,0,24
BRDA:16,0,1,12
BRF:2
BRH:2
end_of_record
TN:
SF:src/decorators/model.decorator.ts
FN:5,model
FN:7,(anonymous_1)
FN:10,(anonymous_2)
FNF:3
FNH:3
FNDA:30,model
FNDA:30,(anonymous_1)
FNDA:1,(anonymous_2)
DA:3,25
DA:5,25
DA:7,30
DA:8,30
DA:10,1
DA:12,30
DA:13,30
LF:7
LH:7
BRF:0
BRH:0
end_of_record
TN:
SF:src/decorators/operation.decorator.ts
FN:9,operation
FN:10,(anonymous_1)
FN:17,(anonymous_2)
FN:23,(anonymous_3)
FN:34,get
FN:44,put
FN:54,post
FN:64,patch
FN:74,del
FN:84,webhookCallback
FNF:10
FNH:10
FNDA:59,operation
FNDA:59,(anonymous_1)
FNDA:12,(anonymous_2)
FNDA:43,(anonymous_3)
FNDA:21,get
FNDA:8,put
FNDA:13,post
FNDA:7,patch
FNDA:8,del
FNDA:2,webhookCallback
DA:3,25
DA:9,25
DA:10,59
DA:15,59
DA:17,12
DA:20,59
DA:21,59
DA:23,43
DA:26,59
DA:27,59
DA:28,59
DA:30,59
DA:34,25
DA:41,21
DA:44,25
DA:51,8
DA:54,25
DA:61,13
DA:64,25
DA:71,7
DA:74,25
DA:81,8
DA:84,25
DA:91,2
LF:24
LH:24
BRDA:16,0,0,59
BRDA:16,0,1,7
BRDA:22,1,0,52
BRDA:22,1,1,7
BRF:4
BRH:4
end_of_record
TN:
SF:src/decorators/path-parameter.decorator.ts
FN:10,pathParameter
FN:11,(anonymous_1)
FN:27,(anonymous_2)
FN:33,(anonymous_3)
FNF:4
FNH:4
FNDA:13,pathParameter
FNDA:13,(anonymous_1)
FNDA:1,(anonymous_2)
FNDA:2,(anonymous_3)
DA:2,25
DA:10,25
DA:11,13
DA:17,13
DA:22,1
DA:25,12
DA:27,1
DA:30,12
DA:31,12
DA:33,2
DA:36,12
DA:46,12
LF:12
LH:12
BRDA:17,0,0,1
BRDA:17,0,1,12
BRDA:18,1,0,13
BRDA:18,1,1,12
BRDA:18,1,2,2
BRDA:26,2,0,12
BRDA:26,2,1,1
BRDA:32,3,0,11
BRDA:32,3,1,1
BRF:9
BRH:9
end_of_record
TN:
SF:src/decorators/path-vendor-extensions.decorator.ts
FN:15,addPathVendorExtension
FN:24,(anonymous_1)
FN:30,(anonymous_2)
FN:43,pathVendorExtension
FN:44,(anonymous_4)
FNF:5
FNH:5
FNDA:2,addPathVendorExtension
FNDA:1,(anonymous_1)
FNDA:2,(anonymous_2)
FNDA:2,pathVendorExtension
FNDA:2,(anonymous_4)
DA:2,25
DA:15,25
DA:22,2
DA:24,1
DA:27,2
DA:28,2
DA:30,2
DA:33,2
DA:43,25
DA:44,2
DA:50,2
DA:51,2
LF:12
LH:12
BRDA:23,0,0,2
BRDA:23,0,1,1
BRDA:29,1,0,1
BRDA:29,1,1,1
BRF:4
BRH:4
end_of_record
TN:
SF:src/decorators/property.decorator.ts
FN:12,property
FN:13,(anonymous_1)
FN:20,(anonymous_2)
FN:34,arrayProperty
FN:35,(anonymous_4)
FN:42,(anonymous_5)
FN:56,enumProperty
FN:61,(anonymous_7)
FN:68,(anonymous_8)
FN:76,(anonymous_9)
FN:83,(anonymous_10)
FN:91,(anonymous_11)
FN:96,(anonymous_12)
FNF:13
FNH:13
FNDA:85,property
FNDA:85,(anonymous_1)
FNDA:30,(anonymous_2)
FNDA:5,arrayProperty
FNDA:5,(anonymous_4)
FNDA:1,(anonymous_5)
FNDA:3,enumProperty
FNDA:3,(anonymous_7)
FNDA:1,(anonymous_8)
FNDA:3,(anonymous_9)
FNDA:21,(anonymous_10)
FNDA:6,(anonymous_11)
FNDA:6,(anonymous_12)
DA:3,25
DA:4,25
DA:12,25
DA:13,85
DA:18,85
DA:20,30
DA:22,85
DA:30,85
DA:34,25
DA:35,5
DA:40,5
DA:42,1
DA:44,5
DA:52,5
DA:56,25
DA:61,3
DA:66,3
DA:68,1
DA:70,3
DA:74,3
DA:76,3
DA:79,3
DA:81,3
DA:82,12
DA:83,21
DA:84,12
DA:88,3
DA:90,1
DA:91,6
DA:93,1
DA:95,2
DA:96,6
DA:98,2
DA:101,3
LF:34
LH:34
BRDA:83,0,0,12
BRDA:83,0,1,0
BRDA:89,1,0,1
BRDA:89,1,1,2
BRF:4
BRH:3
end_of_record
TN:
SF:src/decorators/query-parameter.decorator.ts
FN:9,queryParameter
FN:16,(anonymous_1)
FN:32,(anonymous_2)
FN:38,(anonymous_3)
FNF:4
FNH:4
FNDA:13,queryParameter
FNDA:13,(anonymous_1)
FNDA:1,(anonymous_2)
FNDA:2,(anonymous_3)
DA:2,25
DA:9,25
DA:16,13
DA:22,13
DA:27,1
DA:30,12
DA:32,1
DA:35,12
DA:36,12
DA:38,2
DA:41,12
DA:51,12
LF:12
LH:12
BRDA:22,0,0,1
BRDA:22,0,1,12
BRDA:23,1,0,13
BRDA:23,1,1,11
BRDA:23,1,2,2
BRDA:31,2,0,12
BRDA:31,2,1,1
BRDA:37,3,0,11
BRDA:37,3,1,1
BRF:9
BRH:9
end_of_record
TN:
SF:src/decorators/request-body.decorator.ts
FN:9,requestBody
FN:10,(anonymous_1)
FN:18,(anonymous_2)
FN:24,(anonymous_3)
FNF:4
FNH:4
FNDA:17,requestBody
FNDA:17,(anonymous_1)
FNDA:5,(anonymous_2)
FNDA:7,(anonymous_3)
DA:2,25
DA:9,25
DA:10,17
DA:16,17
DA:18,5
DA:21,17
DA:22,17
DA:24,7
DA:27,17
DA:29,17
LF:10
LH:10
BRDA:17,0,0,17
BRDA:17,0,1,2
BRDA:23,1,0,15
BRDA:23,1,1,2
BRF:4
BRH:4
end_of_record
TN:
SF:src/decorators/response-body.decorator.ts
FN:10,responseBody
FN:11,(anonymous_1)
FN:19,(anonymous_2)
FN:25,(anonymous_3)
FN:28,(anonymous_4)
FNF:5
FNH:5
FNDA:12,responseBody
FNDA:12,(anonymous_1)
FNDA:1,(anonymous_2)
FNDA:2,(anonymous_3)
FNDA:12,(anonymous_4)
DA:2,25
DA:10,25
DA:11,12
DA:17,12
DA:19,1
DA:22,12
DA:23,12
DA:25,2
DA:28,12
DA:31,12
LF:10
LH:10
BRDA:18,0,0,12
BRDA:18,0,1,1
BRDA:24,1,0,11
BRDA:24,1,1,1
BRF:4
BRH:4
end_of_record
TN:
SF:src/decorators/response.decorator.ts
FN:10,response
FN:11,(anonymous_1)
FN:19,(anonymous_2)
FN:25,(anonymous_3)
FN:30,(anonymous_4)
FNF:5
FNH:5
FNDA:12,response
FNDA:12,(anonymous_1)
FNDA:2,(anonymous_2)
FNDA:11,(anonymous_3)
FNDA:12,(anonymous_4)
DA:2,25
DA:10,25
DA:11,12
DA:17,12
DA:19,2
DA:22,12
DA:23,12
DA:25,11
DA:28,12
DA:30,12
DA:33,12
LF:11
LH:11
BRDA:18,0,0,12
BRDA:18,0,1,1
BRDA:24,1,0,11
BRDA:24,1,1,1
BRF:4
BRH:4
end_of_record
TN:
SF:src/decorators/service.decorator.ts
FN:4,service
FN:6,(anonymous_1)
FN:9,(anonymous_2)
FNF:3
FNH:3
FNDA:23,service
FNDA:23,(anonymous_1)
FNDA:23,(anonymous_2)
DA:2,25
DA:4,25
DA:6,23
DA:7,23
DA:9,23
DA:11,23
DA:13,23
LF:7
LH:7
BRF:0
BRH:0
end_of_record
TN:
SF:src/decorators/summary.decorator.ts
FN:8,summary
FN:9,(anonymous_1)
FN:17,(anonymous_2)
FN:23,(anonymous_3)
FNF:4
FNH:4
FNDA:12,summary
FNDA:12,(anonymous_1)
FNDA:1,(anonymous_2)
FNDA:2,(anonymous_3)
DA:2,25
DA:8,25
DA:9,12
DA:15,12
DA:17,1
DA:20,12
DA:21,12
DA:23,2
DA:26,12
DA:28,12
LF:10
LH:10
BRDA:16,0,0,12
BRDA:16,0,1,1
BRDA:22,1,0,11
BRDA:22,1,1,1
BRF:4
BRH:4
end_of_record
TN:
SF:src/decorators/websocket.decorator.ts
FN:10,websocket
FN:11,(anonymous_1)
FN:18,(anonymous_2)
FN:24,(anonymous_3)
FNF:4
FNH:4
FNDA:10,websocket
FNDA:10,(anonymous_1)
FNDA:3,(anonymous_2)
FNDA:8,(anonymous_3)
DA:4,25
DA:10,25
DA:11,10
DA:16,10
DA:18,3
DA:21,10
DA:22,10
DA:24,8
DA:27,10
DA:28,10
DA:29,10
DA:30,10
DA:31,10
LF:13
LH:13
BRDA:17,0,0,10
BRDA:17,0,1,5
BRDA:23,1,0,5
BRDA:23,1,1,5
BRF:4
BRH:4
end_of_record
TN:
SF:src/logger/pino-console-logger.ts
FN:8,(anonymous_1)
FN:27,(anonymous_2)
FN:40,(anonymous_3)
FN:44,(anonymous_4)
FN:48,(anonymous_5)
FN:52,(anonymous_6)
FNF:6
FNH:6
FNDA:4,(anonymous_1)
FNDA:1,(anonymous_2)
FNDA:1,(anonymous_3)
FNDA:1,(anonymous_4)
FNDA:1,(anonymous_5)
FNDA:1,(anonymous_6)
DA:1,25
DA:7,25
DA:9,4
DA:17,4
DA:18,3
DA:23,1
DA:27,1
DA:41,1
DA:45,1
DA:49,1
DA:53,1
LF:11
LH:11
BRDA:17,0,0,3
BRDA:17,0,1,1
BRF:2
BRH:2
end_of_record
TN:
SF:src/logger/pino-file-logger.ts
FN:10,(anonymous_7)
FN:38,(anonymous_8)
FN:42,(anonymous_9)
FN:46,(anonymous_10)
FN:50,(anonymous_11)
FNF:5
FNH:5
FNDA:74,(anonymous_7)
FNDA:472,(anonymous_8)
FNDA:187,(anonymous_9)
FNDA:5,(anonymous_10)
FNDA:24,(anonymous_11)
DA:1,25
DA:2,25
DA:3,25
DA:9,25
DA:11,74
DA:12,74
DA:13,74
DA:17,74
DA:18,1
DA:21,74
DA:22,74
DA:39,472
DA:43,187
DA:47,5
DA:51,24
LF:15
LH:15
BRDA:17,0,0,1
BRDA:17,0,1,73
BRF:2
BRH:2
end_of_record
TN:
SF:src/models/http-status.ts
FNF:0
FNH:0
DA:1,25
DA:4,25
LF:2
LH:2
BRF:0
BRH:0
end_of_record
TN:
SF:src/models/webhook-subscription-request.ts
FNF:0
FNH:0
DA:1,25
DA:7,25
DA:15,25
DA:19,25
DA:23,25
LF:5
LH:5
BRF:0
BRH:0
end_of_record
TN:
SF:src/models/websocket-close-code.ts
FN:2,(anonymous_0)
FNF:1
FNH:1
FNDA:25,(anonymous_0)
DA:2,25
DA:4,25
DA:7,25
DA:10,25
DA:13,25
DA:16,25
DA:19,25
LF:7
LH:7
BRDA:2,0,0,25
BRDA:2,0,1,25
BRF:2
BRH:2
end_of_record
TN:
SF:src/util/diff-tools.ts
FN:8,isPrimitiveType
FN:19,(anonymous_1)
FN:29,(anonymous_2)
FN:53,(anonymous_3)
FN:68,(anonymous_4)
FNF:5
FNH:5
FNDA:33,isPrimitiveType
FNDA:12,(anonymous_1)
FNDA:18,(anonymous_2)
FNDA:24,(anonymous_3)
FNDA:9,(anonymous_4)
DA:9,33
DA:17,25
DA:20,12
DA:21,1
DA:23,11
DA:24,1
DA:27,10
DA:28,10
DA:29,10
DA:30,18
DA:31,18
DA:32,18
DA:33,18
DA:34,1
DA:36,17
DA:37,5
DA:38,3
DA:40,12
DA:41,9
DA:42,6
DA:45,3
DA:46,3
DA:47,1
DA:51,10
DA:52,10
DA:53,10
DA:54,24
DA:55,8
DA:58,10
DA:69,9
DA:70,3
DA:72,6
DA:73,17
DA:74,1
DA:76,16
DA:77,15
DA:78,1
DA:81,1
DA:85,3
LF:39
LH:39
BRDA:10,0,0,33
BRDA:10,0,1,26
BRDA:10,0,2,13
BRDA:20,1,0,1
BRDA:20,1,1,11
BRDA:23,2,0,1
BRDA:23,2,1,10
BRDA:33,3,0,1
BRDA:33,3,1,17
BRDA:33,4,0,18
BRDA:33,4,1,1
BRDA:36,5,0,5
BRDA:36,5,1,12
BRDA:37,6,0,3
BRDA:37,6,1,2
BRDA:40,7,0,9
BRDA:40,7,1,3
BRDA:41,8,0,6
BRDA:41,8,1,3
BRDA:46,9,0,1
BRDA:46,9,1,2
BRDA:46,10,0,3
BRDA:46,10,1,1
BRDA:54,11,0,8
BRDA:54,11,1,16
BRDA:59,12,0,6
BRDA:59,12,1,4
BRDA:60,13,0,3
BRDA:60,13,1,7
BRDA:69,14,0,3
BRDA:69,14,1,6
BRDA:73,15,0,1
BRDA:73,15,1,16
BRDA:76,16,0,15
BRDA:76,16,1,1
BRDA:77,17,0,1
BRDA:77,17,1,14
BRF:37
BRH:37
end_of_record
TN:
SF:src/util/map-ext.ts
FN:5,(anonymous_0)
FNF:1
FNH:1
FNDA:632,(anonymous_0)
DA:4,26
DA:6,632
DA:7,632
DA:8,269
DA:9,269
DA:11,632
LF:6
LH:6
BRDA:7,0,0,269
BRDA:7,0,1,363
BRF:2
BRH:2
end_of_record
TN:
SF:src/util/rxjs-helper.ts
FN:4,subscribeUntil
FN:9,(anonymous_1)
FN:11,(anonymous_2)
FNF:3
FNH:3
FNDA:2,subscribeUntil
FNDA:2,(anonymous_1)
FNDA:2,(anonymous_2)
DA:1,25
DA:4,25
DA:9,2
DA:10,2
DA:11,2
DA:12,2
DA:13,2
LF:7
LH:7
BRF:0
BRH:0
end_of_record
TN:
SF:src/util/test-app.ts
FN:14,(anonymous_0)
FN:22,(anonymous_1)
FNF:2
FNH:2
FNDA:60,(anonymous_0)
FNDA:57,(anonymous_1)
DA:1,25
DA:2,25
DA:11,25
DA:19,60
DA:23,57
LF:5
LH:5
BRDA:17,0,0,59
BRF:1
BRH:1
end_of_record
TN:
SF:src/util/web-socket-auto-connection.ts
FN:30,(anonymous_1)
FN:54,(anonymous_2)
FN:83,(anonymous_3)
FN:120,(anonymous_4)
FN:125,(anonymous_5)
FN:130,(anonymous_6)
FN:132,(anonymous_7)
FN:133,(anonymous_8)
FN:140,(anonymous_9)
FN:145,(anonymous_10)
FN:147,(anonymous_11)
FN:148,(anonymous_12)
FN:155,(anonymous_13)
FN:157,(anonymous_14)
FN:158,(anonymous_15)
FN:168,(anonymous_16)
FN:170,(anonymous_17)
FN:171,(anonymous_18)
FN:178,(anonymous_19)
FN:180,(anonymous_20)
FN:181,(anonymous_21)
FN:188,(anonymous_22)
FN:196,(anonymous_23)
FN:201,(anonymous_24)
FN:213,(anonymous_25)
FN:222,(anonymous_26)
FN:233,(anonymous_27)
FN:240,(anonymous_28)
FN:266,(anonymous_29)
FN:277,(anonymous_30)
FN:294,(anonymous_31)
FN:299,(anonymous_32)
FN:304,(anonymous_33)
FN:320,(anonymous_34)
FN:329,(anonymous_35)
FN:349,(anonymous_36)
FN:355,(anonymous_37)
FNF:37
FNH:37
FNDA:25,(anonymous_1)
FNDA:25,(anonymous_2)
FNDA:15,(anonymous_3)
FNDA:1,(anonymous_4)
FNDA:3,(anonymous_5)
FNDA:1,(anonymous_6)
FNDA:2,(anonymous_7)
FNDA:1,(anonymous_8)
FNDA:12,(anonymous_9)
FNDA:9,(anonymous_10)
FNDA:29,(anonymous_11)
FNDA:9,(anonymous_12)
FNDA:2,(anonymous_13)
FNDA:8,(anonymous_14)
FNDA:2,(anonymous_15)
FNDA:2,(anonymous_16)
FNDA:10,(anonymous_17)
FNDA:2,(anonymous_18)
FNDA:7,(anonymous_19)
FNDA:26,(anonymous_20)
FNDA:7,(anonymous_21)
FNDA:7,(anonymous_22)
FNDA:5,(anonymous_23)
FNDA:18,(anonymous_24)
FNDA:16,(anonymous_25)
FNDA:7,(anonymous_26)
FNDA:66,(anonymous_27)
FNDA:55,(anonymous_28)
FNDA:20,(anonymous_29)
FNDA:15,(anonymous_30)
FNDA:16,(anonymous_31)
FNDA:3,(anonymous_32)
FNDA:18,(anonymous_33)
FNDA:16,(anonymous_34)
FNDA:11,(anonymous_35)
FNDA:11,(anonymous_36)
FNDA:4,(anonymous_37)
DA:1,25
DA:2,25
DA:3,25
DA:6,25
DA:9,25
DA:30,25
DA:32,25
DA:35,25
DA:38,25
DA:44,25
DA:47,25
DA:50,25
DA:54,25
DA:59,25
DA:65,25
DA:68,25
DA:82,25
DA:84,15
DA:85,15
DA:98,15
DA:101,15
DA:104,15
DA:109,15
DA:112,15
DA:115,15
DA:121,1
DA:126,3
DA:131,1
DA:132,2
DA:134,1
DA:141,12
DA:146,9
DA:147,29
DA:149,9
DA:156,2
DA:157,8
DA:159,2
DA:169,2
DA:170,10
DA:172,2
DA:179,7
DA:180,26
DA:182,7
DA:189,7
DA:190,2
DA:192,5
DA:197,5
DA:202,18
DA:206,16
DA:207,16
DA:209,18
DA:214,16
DA:215,16
DA:216,16
DA:217,16
DA:218,16
DA:223,7
DA:224,3
DA:225,2
DA:228,4
DA:234,66
DA:235,55
DA:241,55
DA:242,7
DA:243,7
DA:246,55
DA:247,15
DA:248,15
DA:251,55
DA:252,12
DA:253,3
DA:255,9
DA:257,12
DA:259,43
DA:260,16
DA:267,20
DA:268,20
DA:270,20
DA:271,20
DA:273,1
DA:274,1
DA:277,19
DA:278,15
DA:279,15
DA:280,1
DA:283,14
DA:284,1
DA:286,13
DA:287,9
DA:289,4
DA:294,19
DA:295,16
DA:296,16
DA:299,19
DA:300,3
DA:301,3
DA:304,19
DA:305,18
DA:306,18
DA:307,18
DA:308,11
DA:310,7
DA:311,7
DA:312,7
DA:313,7
DA:314,7
DA:321,16
DA:322,1
DA:325,15
DA:327,15
DA:329,15
DA:330,11
DA:332,11
DA:333,1
DA:334,1
DA:335,1
DA:336,1
DA:337,1
DA:338,1
DA:341,11
DA:342,11
DA:344,11
DA:350,11
DA:353,11
DA:355,11
DA:356,4
DA:357,4
DA:358,4
DA:359,4
LF:129
LH:129
BRDA:30,0,0,25
BRDA:30,0,1,25
BRDA:54,1,0,25
BRDA:54,1,1,25
BRDA:172,2,0,2
BRDA:172,2,1,1
BRDA:189,3,0,2
BRDA:189,3,1,5
BRDA:202,4,0,16
BRDA:202,4,1,2
BRDA:203,5,0,18
BRDA:203,5,1,3
BRDA:223,6,0,3
BRDA:223,6,1,4
BRDA:224,7,0,2
BRDA:224,7,1,1
BRDA:234,8,0,55
BRDA:234,8,1,11
BRDA:241,9,0,7
BRDA:241,9,1,48
BRDA:246,10,0,15
BRDA:246,10,1,40
BRDA:251,11,0,12
BRDA:251,11,1,43
BRDA:252,12,0,3
BRDA:252,12,1,9
BRDA:259,13,0,16
BRDA:259,13,1,27
BRDA:279,14,0,1
BRDA:279,14,1,14
BRDA:283,15,0,1
BRDA:283,15,1,13
BRDA:286,16,0,9
BRDA:286,16,1,4
BRDA:307,17,0,11
BRDA:307,17,1,7
BRDA:321,18,0,1
BRDA:321,18,1,15
BRDA:327,19,0,15
BRDA:327,19,1,11
BRDA:332,20,0,1
BRDA:332,20,1,10
BRDA:332,21,0,11
BRDA:332,21,1,9
BRDA:353,22,0,11
BRDA:353,22,1,5
BRDA:356,23,0,4
BRDA:356,23,1,0
BRF:48
BRH:47
end_of_record
TN:
SF:src/util/webhook-callback-registry.ts
FN:19,(anonymous_1)
FN:33,(anonymous_2)
FN:57,(anonymous_3)
FN:58,(anonymous_4)
FN:64,(anonymous_5)
FN:84,(anonymous_6)
FN:109,(anonymous_7)
FN:110,(anonymous_8)
FN:117,(anonymous_9)
FN:118,(anonymous_10)
FN:121,(anonymous_11)
FN:124,(anonymous_12)
FN:131,(anonymous_13)
FNF:13
FNH:13
FNDA:1,(anonymous_1)
FNDA:12,(anonymous_2)
FNDA:6,(anonymous_3)
FNDA:4,(anonymous_4)
FNDA:3,(anonymous_5)
FNDA:3,(anonymous_6)
FNDA:1,(anonymous_7)
FNDA:2,(anonymous_8)
FNDA:6,(anonymous_9)
FNDA:6,(anonymous_10)
FNDA:2,(anonymous_11)
FNDA:4,(anonymous_12)
FNDA:13,(anonymous_13)
DA:1,25
DA:2,25
DA:3,25
DA:4,25
DA:18,25
DA:20,1
DA:24,1
DA:40,12
DA:41,1
DA:46,11
DA:47,11
DA:48,1
DA:53,10
DA:56,10
DA:58,6
DA:59,4
DA:60,4
DA:61,4
DA:65,3
DA:66,3
DA:72,10
DA:74,10
DA:90,3
DA:91,1
DA:96,2
DA:97,2
DA:98,2
DA:99,1
DA:102,1
DA:103,1
DA:105,1
DA:110,1
DA:111,2
DA:113,1
DA:118,6
DA:119,6
DA:122,2
DA:125,4
DA:135,13
DA:136,13
DA:137,13
LF:41
LH:41
BRDA:40,0,0,1
BRDA:40,0,1,11
BRDA:40,1,0,12
BRDA:40,1,1,12
BRDA:40,1,2,12
BRDA:40,1,3,11
BRDA:40,1,4,11
BRDA:47,2,0,1
BRDA:47,2,1,10
BRDA:90,3,0,1
BRDA:90,3,1,2
BRDA:90,4,0,3
BRDA:90,4,1,3
BRDA:90,4,2,3
BRDA:90,4,3,2
BRDA:98,5,0,1
BRDA:98,5,1,1
BRDA:135,6,0,13
BRDA:135,6,1,12
BRDA:138,7,0,12
BRDA:138,7,1,1
BRF:21
BRH:21
end_of_record
