TN:
SF:src/index.ts
FN:4,(anonymous_1)
FN:5,(anonymous_2)
FN:10,(anonymous_3)
FN:11,(anonymous_4)
FN:12,(anonymous_5)
FN:13,(anonymous_6)
FN:14,(anonymous_7)
FN:15,(anonymous_8)
FN:16,(anonymous_9)
FN:17,(anonymous_10)
FN:19,(anonymous_11)
FN:20,(anonymous_12)
FN:21,(anonymous_13)
FN:22,(anonymous_14)
FN:23,(anonymous_15)
FN:24,(anonymous_16)
FN:26,(anonymous_17)
FN:27,(anonymous_18)
FN:29,(anonymous_19)
FN:30,(anonymous_20)
FN:31,(anonymous_21)
FN:33,(anonymous_22)
FN:34,(anonymous_23)
FN:35,(anonymous_24)
FN:36,(anonymous_25)
FN:37,(anonymous_26)
FN:38,(anonymous_27)
FN:39,(anonymous_28)
FN:43,(anonymous_29)
FN:44,(anonymous_30)
FN:45,(anonymous_31)
FN:46,(anonymous_32)
FN:47,(anonymous_33)
FN:48,(anonymous_34)
FN:49,(anonymous_35)
FNF:35
FNH:35
FNDA:1,(anonymous_1)
FNDA:27,(anonymous_2)
FNDA:80,(anonymous_3)
FNDA:5,(anonymous_4)
FNDA:13,(anonymous_5)
FNDA:3,(anonymous_6)
FNDA:43,(anonymous_7)
FNDA:12,(anonymous_8)
FNDA:24,(anonymous_9)
FNDA:35,(anonymous_10)
FNDA:6,(anonymous_11)
FNDA:21,(anonymous_12)
FNDA:5,(anonymous_13)
FNDA:13,(anonymous_14)
FNDA:8,(anonymous_15)
FNDA:1,(anonymous_16)
FNDA:13,(anonymous_17)
FNDA:2,(anonymous_18)
FNDA:5,(anonymous_19)
FNDA:4,(anonymous_20)
FNDA:100,(anonymous_21)
FNDA:13,(anonymous_22)
FNDA:10,(anonymous_23)
FNDA:12,(anonymous_24)
FNDA:12,(anonymous_25)
FNDA:15,(anonymous_26)
FNDA:12,(anonymous_27)
FNDA:8,(anonymous_28)
FNDA:7,(anonymous_29)
FNDA:16,(anonymous_30)
FNDA:8,(anonymous_31)
FNDA:1,(anonymous_32)
FNDA:2,(anonymous_33)
FNDA:51,(anonymous_34)
FNDA:1,(anonymous_35)
DA:1,27
DA:3,27
DA:4,28
DA:5,54
DA:10,107
DA:11,32
DA:12,40
DA:13,30
DA:14,70
DA:15,39
DA:16,51
DA:17,62
DA:18,27
DA:19,33
DA:20,48
DA:21,32
DA:22,40
DA:23,35
DA:24,28
DA:26,40
DA:27,29
DA:28,27
DA:29,32
DA:30,31
DA:31,127
DA:33,40
DA:34,37
DA:35,39
DA:36,39
DA:37,42
DA:38,39
DA:39,35
DA:43,34
DA:44,43
DA:45,35
DA:46,28
DA:47,29
DA:48,78
DA:49,28
DA:50,27
LF:40
LH:40
BRF:0
BRH:0
end_of_record
TN:
SF:src/core/app.ts
FN:60,(anonymous_1)
FN:74,(anonymous_2)
FN:111,(anonymous_3)
FN:122,(anonymous_4)
FN:132,(anonymous_5)
FN:137,(anonymous_6)
FN:142,(anonymous_7)
FN:147,(anonymous_8)
FN:159,(anonymous_9)
FN:171,(anonymous_10)
FN:183,(anonymous_11)
FN:195,(anonymous_12)
FN:207,(anonymous_13)
FN:219,(anonymous_14)
FN:238,(anonymous_15)
FN:248,(anonymous_16)
FN:258,(anonymous_17)
FN:330,(anonymous_18)
FN:353,(anonymous_19)
FN:411,(anonymous_20)
FN:467,(anonymous_21)
FN:472,(anonymous_22)
FN:477,(anonymous_23)
FN:482,(anonymous_24)
FN:487,(anonymous_25)
FN:501,(anonymous_26)
FN:506,(anonymous_27)
FNF:27
FNH:27
FNDA:98,(anonymous_1)
FNDA:60,(anonymous_2)
FNDA:44,(anonymous_3)
FNDA:60,(anonymous_4)
FNDA:84,(anonymous_5)
FNDA:27,(anonymous_6)
FNDA:27,(anonymous_7)
FNDA:17,(anonymous_8)
FNDA:9,(anonymous_9)
FNDA:15,(anonymous_10)
FNDA:13,(anonymous_11)
FNDA:19,(anonymous_12)
FNDA:17,(anonymous_13)
FNDA:59,(anonymous_14)
FNDA:42,(anonymous_15)
FNDA:31,(anonymous_16)
FNDA:28,(anonymous_17)
FNDA:4,(anonymous_18)
FNDA:4,(anonymous_19)
FNDA:60,(anonymous_20)
FNDA:1,(anonymous_21)
FNDA:186,(anonymous_22)
FNDA:1,(anonymous_23)
FNDA:3,(anonymous_24)
FNDA:2,(anonymous_25)
FNDA:101,(anonymous_26)
FNDA:24,(anonymous_27)
DA:2,27
DA:3,27
DA:5,27
DA:6,27
DA:7,27
DA:57,27
DA:61,98
DA:68,27
DA:75,60
DA:76,60
DA:77,60
DA:79,60
DA:87,60
DA:90,60
DA:93,60
DA:105,60
DA:112,44
DA:113,44
DA:114,23
DA:118,44
DA:123,60
DA:124,60
DA:133,84
DA:138,27
DA:143,27
DA:148,17
DA:149,17
DA:150,18
DA:151,13
DA:152,13
DA:155,17
DA:160,9
DA:161,9
DA:162,9
DA:163,7
DA:164,7
DA:167,9
DA:172,15
DA:173,15
DA:174,16
DA:175,11
DA:176,11
DA:179,15
DA:184,13
DA:185,13
DA:186,9
DA:187,7
DA:188,7
DA:191,13
DA:196,19
DA:197,19
DA:198,20
DA:199,15
DA:200,15
DA:203,19
DA:208,17
DA:209,17
DA:210,13
DA:211,7
DA:212,7
DA:215,17
DA:220,59
DA:221,59
DA:222,1
DA:227,58
DA:228,56
DA:231,58
DA:233,58
DA:237,58
DA:238,36
DA:239,42
DA:247,58
DA:248,27
DA:249,31
DA:257,58
DA:258,22
DA:259,28
DA:269,58
DA:270,42
DA:271,42
DA:272,42
DA:277,42
DA:278,2
DA:280,42
DA:281,2
DA:285,58
DA:286,31
DA:287,31
DA:288,31
DA:293,31
DA:294,2
DA:296,31
DA:297,2
DA:301,58
DA:302,28
DA:303,28
DA:304,28
DA:309,28
DA:310,4
DA:312,26
DA:313,4
DA:319,54
DA:326,54
DA:331,4
DA:332,3
DA:334,1
DA:337,1
DA:340,54
DA:346,54
DA:348,54
DA:349,27
DA:354,4
DA:355,3
DA:357,1
DA:360,1
DA:363,27
DA:368,54
DA:369,42
DA:370,42
DA:371,6
DA:373,40
DA:374,4
DA:376,38
DA:379,50
DA:380,31
DA:381,31
DA:382,4
DA:384,29
DA:385,4
DA:387,27
DA:390,46
DA:391,24
DA:392,24
DA:393,6
DA:395,22
DA:396,2
DA:398,22
DA:401,44
DA:402,44
DA:404,15
DA:405,15
DA:406,15
DA:414,60
DA:415,60
DA:419,60
DA:420,42
DA:421,38
DA:422,2
DA:424,38
DA:425,4
DA:430,60
DA:434,60
DA:435,31
DA:436,27
DA:437,2
DA:439,27
DA:440,2
DA:445,60
DA:449,60
DA:450,28
DA:451,22
DA:452,2
DA:454,22
DA:455,4
DA:460,60
DA:462,60
DA:463,60
DA:468,1
DA:473,186
DA:478,1
DA:483,3
DA:490,2
DA:491,2
DA:493,2
DA:494,2
DA:495,2
DA:506,101
DA:507,24
DA:508,12
DA:509,6
DA:511,6
DA:515,12
DA:518,12
DA:519,6
DA:521,6
LF:185
LH:185
BRDA:77,0,0,0
BRDA:80,1,0,60
BRDA:80,1,1,58
BRDA:113,2,0,23
BRDA:113,2,1,21
BRDA:150,3,0,13
BRDA:150,3,1,5
BRDA:162,4,0,7
BRDA:162,4,1,2
BRDA:174,5,0,11
BRDA:174,5,1,5
BRDA:186,6,0,7
BRDA:186,6,1,2
BRDA:198,7,0,15
BRDA:198,7,1,5
BRDA:210,8,0,7
BRDA:210,8,1,6
BRDA:221,9,0,1
BRDA:221,9,1,58
BRDA:227,10,0,56
BRDA:227,10,1,2
BRDA:237,11,0,36
BRDA:237,11,1,22
BRDA:247,12,0,27
BRDA:247,12,1,31
BRDA:257,13,0,22
BRDA:257,13,1,36
BRDA:277,14,0,2
BRDA:277,14,1,40
BRDA:280,15,0,2
BRDA:280,15,1,40
BRDA:293,16,0,2
BRDA:293,16,1,29
BRDA:296,17,0,2
BRDA:296,17,1,29
BRDA:309,18,0,4
BRDA:309,18,1,24
BRDA:312,19,0,4
BRDA:312,19,1,22
BRDA:331,20,0,3
BRDA:331,20,1,1
BRDA:342,21,0,54
BRDA:342,21,1,18
BRDA:348,22,0,27
BRDA:348,22,1,27
BRDA:354,23,0,3
BRDA:354,23,1,1
BRDA:370,24,0,6
BRDA:370,24,1,36
BRDA:373,25,0,4
BRDA:373,25,1,36
BRDA:381,26,0,4
BRDA:381,26,1,27
BRDA:384,27,0,4
BRDA:384,27,1,25
BRDA:392,28,0,6
BRDA:392,28,1,18
BRDA:395,29,0,2
BRDA:395,29,1,20
BRDA:404,30,0,0
BRDA:404,30,1,15
BRDA:404,31,0,15
BRDA:404,31,1,0
BRDA:420,32,0,38
BRDA:420,32,1,4
BRDA:421,33,0,2
BRDA:421,33,1,36
BRDA:424,34,0,4
BRDA:424,34,1,34
BRDA:435,35,0,27
BRDA:435,35,1,4
BRDA:436,36,0,2
BRDA:436,36,1,25
BRDA:439,37,0,2
BRDA:439,37,1,25
BRDA:450,38,0,22
BRDA:450,38,1,6
BRDA:451,39,0,2
BRDA:451,39,1,20
BRDA:454,40,0,4
BRDA:454,40,1,18
BRDA:493,41,0,2
BRDA:493,41,1,1
BRDA:507,42,0,12
BRDA:507,42,1,12
BRDA:508,43,0,6
BRDA:508,43,1,6
BRDA:515,44,0,12
BRDA:515,44,1,8
BRDA:515,44,2,4
BRDA:518,45,0,6
BRDA:518,45,1,6
BRF:92
BRH:89
end_of_record
TN:
SF:src/core/config.ts
FN:63,readJson
FN:82,readConfig
FN:90,readPackage
FN:99,assignEnvironment
FN:100,(anonymous_10)
FN:110,loadEnvironmentConfig
FN:124,readConfiguration
FNF:7
FNH:7
FNDA:233,readJson
FNDA:155,readConfig
FNDA:78,readPackage
FNDA:77,assignEnvironment
FNDA:373,(anonymous_10)
FNDA:77,loadEnvironmentConfig
FNDA:78,readConfiguration
DA:2,27
DA:3,27
DA:4,27
DA:64,233
DA:65,233
DA:66,225
DA:68,9
DA:72,1
DA:75,8
DA:83,155
DA:84,155
DA:91,78
DA:92,78
DA:100,77
DA:101,373
DA:103,77
DA:115,77
DA:124,27
DA:130,78
DA:134,78
DA:135,78
DA:139,78
DA:141,78
DA:142,77
DA:147,77
DA:151,77
DA:152,77
DA:153,77
DA:155,77
DA:156,77
DA:157,77
DA:161,77
DA:162,77
DA:166,77
DA:167,3
DA:170,77
DA:171,4
DA:176,77
LF:38
LH:38
BRDA:68,0,0,1
BRDA:68,0,1,8
BRDA:69,1,0,9
BRDA:69,1,1,8
BRDA:69,1,2,8
BRDA:101,2,0,373
BRDA:101,2,1,373
BRDA:141,3,0,77
BRDA:141,3,1,1
BRDA:157,4,0,77
BRDA:157,4,1,77
BRDA:166,5,0,3
BRDA:166,5,1,74
BRDA:170,6,0,4
BRDA:170,6,1,73
BRF:15
BRH:15
end_of_record
TN:
SF:src/core/context.ts
FN:25,(anonymous_1)
FN:37,(anonymous_2)
FN:42,(anonymous_3)
FN:55,(anonymous_4)
FN:86,(anonymous_5)
FN:88,(anonymous_6)
FN:93,(anonymous_7)
FN:95,(anonymous_8)
FN:100,(anonymous_9)
FN:106,(anonymous_10)
FN:111,(anonymous_11)
FN:118,(anonymous_12)
FN:123,(anonymous_13)
FN:128,(anonymous_14)
FNF:14
FNH:14
FNDA:80,(anonymous_1)
FNDA:1,(anonymous_2)
FNDA:116,(anonymous_3)
FNDA:78,(anonymous_4)
FNDA:479,(anonymous_5)
FNDA:437,(anonymous_6)
FNDA:192,(anonymous_7)
FNDA:195,(anonymous_8)
FNDA:7,(anonymous_9)
FNDA:11,(anonymous_10)
FNDA:25,(anonymous_11)
FNDA:31,(anonymous_12)
FNDA:85,(anonymous_13)
FNDA:2,(anonymous_14)
DA:1,27
DA:2,27
DA:3,27
DA:4,27
DA:17,27
DA:25,80
DA:31,80
DA:38,1
DA:43,116
DA:44,1
DA:46,115
DA:58,78
DA:63,77
DA:64,77
DA:68,77
DA:69,5
DA:74,77
DA:75,73
DA:79,73
DA:87,479
DA:88,437
DA:94,192
DA:95,195
DA:101,7
DA:106,11
DA:112,25
DA:118,31
DA:124,85
DA:129,2
LF:29
LH:29
BRDA:43,0,0,1
BRDA:43,0,1,115
BRDA:68,1,0,5
BRDA:68,1,1,72
BRDA:74,2,0,73
BRDA:74,2,1,4
BRDA:87,3,0,430
BRDA:87,3,1,49
BRDA:94,4,0,187
BRDA:94,4,1,5
BRDA:94,5,0,192
BRDA:94,5,1,191
BRDA:101,6,0,5
BRDA:101,6,1,2
BRDA:102,7,0,7
BRDA:102,7,1,6
BRDA:102,7,2,3
BRDA:112,8,0,24
BRDA:112,8,1,1
BRDA:113,9,0,25
BRDA:113,9,1,24
BRDA:113,9,2,3
BRDA:113,9,3,2
BRF:23
BRH:23
end_of_record
TN:
SF:src/core/http-error.ts
FN:5,(anonymous_0)
FNF:1
FNH:1
FNDA:26,(anonymous_0)
DA:4,27
DA:5,26
DA:6,26
LF:3
LH:3
BRF:0
BRH:0
end_of_record
TN:
SF:src/core/http-server.ts
FN:29,(anonymous_7)
FN:37,(anonymous_8)
FN:62,(anonymous_9)
FN:73,(anonymous_10)
FN:90,(anonymous_11)
FN:100,(anonymous_12)
FN:109,(anonymous_13)
FN:120,(anonymous_14)
FN:129,(anonymous_15)
FN:140,(anonymous_16)
FN:149,(anonymous_17)
FN:160,(anonymous_18)
FN:169,(anonymous_19)
FN:180,(anonymous_20)
FN:189,(anonymous_21)
FN:200,(anonymous_22)
FN:214,(anonymous_23)
FN:221,(anonymous_24)
FN:228,(anonymous_25)
FN:241,(anonymous_26)
FN:257,(anonymous_27)
FN:264,(anonymous_28)
FN:288,(anonymous_29)
FN:297,(anonymous_30)
FN:300,(anonymous_31)
FN:301,(anonymous_32)
FN:303,(anonymous_33)
FN:314,(anonymous_34)
FN:332,(anonymous_35)
FN:348,(anonymous_36)
FN:354,(anonymous_37)
FN:361,(anonymous_38)
FN:362,(anonymous_39)
FN:365,(anonymous_40)
FN:373,(anonymous_41)
FN:427,(anonymous_42)
FN:433,(anonymous_43)
FN:441,(anonymous_44)
FN:459,(anonymous_45)
FN:468,(anonymous_46)
FN:479,(anonymous_47)
FN:487,(anonymous_48)
FN:498,(anonymous_49)
FN:509,(anonymous_50)
FN:510,(anonymous_51)
FN:511,(anonymous_52)
FN:525,(anonymous_53)
FN:531,(anonymous_54)
FN:548,(anonymous_55)
FN:553,(anonymous_56)
FN:580,(anonymous_57)
FN:587,(anonymous_58)
FN:593,(anonymous_59)
FN:597,(anonymous_60)
FN:617,(anonymous_61)
FNF:55
FNH:52
FNDA:84,(anonymous_7)
FNDA:449,(anonymous_8)
FNDA:1,(anonymous_9)
FNDA:134,(anonymous_10)
FNDA:485,(anonymous_11)
FNDA:116,(anonymous_12)
FNDA:24,(anonymous_13)
FNDA:55,(anonymous_14)
FNDA:5,(anonymous_15)
FNDA:414,(anonymous_16)
FNDA:29,(anonymous_17)
FNDA:45,(anonymous_18)
FNDA:3,(anonymous_19)
FNDA:55,(anonymous_20)
FNDA:3,(anonymous_21)
FNDA:61,(anonymous_22)
FNDA:19,(anonymous_23)
FNDA:0,(anonymous_24)
FNDA:114,(anonymous_25)
FNDA:19,(anonymous_26)
FNDA:9,(anonymous_27)
FNDA:21,(anonymous_28)
FNDA:19,(anonymous_29)
FNDA:138,(anonymous_30)
FNDA:138,(anonymous_31)
FNDA:1,(anonymous_32)
FNDA:1,(anonymous_33)
FNDA:1,(anonymous_34)
FNDA:138,(anonymous_35)
FNDA:138,(anonymous_36)
FNDA:12,(anonymous_37)
FNDA:138,(anonymous_38)
FNDA:146,(anonymous_39)
FNDA:441,(anonymous_40)
FNDA:441,(anonymous_41)
FNDA:64,(anonymous_42)
FNDA:0,(anonymous_43)
FNDA:0,(anonymous_44)
FNDA:2,(anonymous_45)
FNDA:4,(anonymous_46)
FNDA:58,(anonymous_47)
FNDA:1,(anonymous_48)
FNDA:57,(anonymous_49)
FNDA:30,(anonymous_50)
FNDA:27,(anonymous_51)
FNDA:57,(anonymous_52)
FNDA:30,(anonymous_53)
FNDA:30,(anonymous_54)
FNDA:27,(anonymous_55)
FNDA:27,(anonymous_56)
FNDA:57,(anonymous_57)
FNDA:57,(anonymous_58)
FNDA:14,(anonymous_59)
FNDA:6,(anonymous_60)
FNDA:65,(anonymous_61)
DA:2,27
DA:3,27
DA:5,27
DA:6,27
DA:7,27
DA:8,27
DA:9,27
DA:12,27
DA:17,27
DA:28,27
DA:30,84
DA:31,84
DA:33,84
DA:34,84
DA:35,84
DA:36,84
DA:37,84
DA:38,449
DA:40,84
DA:53,84
DA:56,84
DA:63,1
DA:64,1
DA:72,27
DA:74,134
DA:75,134
DA:76,134
DA:77,134
DA:81,134
DA:87,134
DA:91,485
DA:92,483
DA:93,483
DA:94,483
DA:105,116
DA:106,116
DA:107,21
DA:109,116
DA:110,24
DA:125,55
DA:126,55
DA:127,21
DA:129,55
DA:130,5
DA:145,414
DA:146,414
DA:147,21
DA:149,414
DA:150,29
DA:165,45
DA:166,45
DA:167,21
DA:169,45
DA:170,3
DA:185,55
DA:186,55
DA:187,21
DA:189,55
DA:190,3
DA:205,61
DA:206,61
DA:207,6
DA:210,61
DA:212,61
DA:219,19
DA:220,19
DA:221,0
DA:222,0
DA:223,0
DA:224,0
DA:226,0
DA:228,19
DA:229,114
DA:231,19
DA:232,19
DA:242,19
DA:248,19
DA:250,19
DA:251,6
DA:253,13
DA:258,9
DA:259,9
DA:260,9
DA:265,21
DA:266,21
DA:267,0
DA:270,21
DA:271,1
DA:272,1
DA:273,1
DA:276,20
DA:277,20
DA:281,10
DA:282,10
DA:285,10
DA:289,19
DA:290,19
DA:291,19
DA:298,138
DA:299,138
DA:300,138
DA:301,138
DA:302,1
DA:303,1
DA:304,1
DA:305,1
DA:306,1
DA:307,1
DA:308,1
DA:312,138
DA:315,1
DA:316,1
DA:317,1
DA:321,1
DA:325,1
DA:326,1
DA:330,138
DA:332,138
DA:333,138
DA:334,138
DA:335,138
DA:338,138
DA:340,0
DA:341,0
DA:349,138
DA:350,138
DA:351,138
DA:352,138
DA:354,138
DA:355,12
DA:357,138
DA:362,138
DA:363,146
DA:364,146
DA:365,145
DA:366,441
DA:378,441
DA:379,441
DA:381,170
DA:382,61
DA:388,109
DA:394,170
DA:396,55
DA:401,55
DA:403,116
DA:408,116
DA:410,45
DA:415,45
DA:417,55
DA:422,55
DA:433,64
DA:434,0
DA:437,64
DA:438,64
DA:440,64
DA:441,0
DA:442,0
DA:443,0
DA:444,0
DA:446,0
DA:449,64
DA:450,10
DA:451,10
DA:452,4
DA:453,4
DA:454,2
DA:458,10
DA:459,2
DA:460,2
DA:461,2
DA:462,2
DA:464,2
DA:467,8
DA:468,4
DA:469,4
DA:470,4
DA:471,4
DA:473,4
DA:477,58
DA:478,58
DA:479,58
DA:480,58
DA:481,58
DA:483,58
DA:484,25
DA:485,25
DA:487,1
DA:488,1
DA:489,1
DA:490,1
DA:492,1
DA:496,57
DA:497,57
DA:499,57
DA:500,48
DA:502,9
DA:509,30
DA:510,27
DA:512,57
DA:513,57
DA:514,57
DA:531,30
DA:532,30
DA:533,30
DA:534,30
DA:535,30
DA:536,21
DA:537,16
DA:539,5
DA:542,9
DA:553,27
DA:554,27
DA:555,27
DA:556,27
DA:557,27
DA:558,27
DA:559,1
DA:566,26
DA:567,4
DA:573,22
DA:587,57
DA:588,57
DA:589,57
DA:590,36
DA:591,27
DA:592,20
DA:594,14
DA:595,14
DA:598,6
DA:599,6
DA:602,7
DA:603,7
DA:606,9
DA:607,9
DA:610,21
DA:611,21
DA:621,65
DA:622,65
DA:623,1
DA:626,65
DA:627,65
DA:628,1
DA:631,65
DA:632,65
DA:633,1
DA:634,1
DA:637,65
LF:247
LH:233
BRDA:91,0,0,483
BRDA:91,0,1,2
BRDA:93,1,0,483
BRDA:93,1,1,0
BRDA:106,2,0,21
BRDA:106,2,1,95
BRDA:126,3,0,21
BRDA:126,3,1,34
BRDA:146,4,0,21
BRDA:146,4,1,393
BRDA:166,5,0,21
BRDA:166,5,1,24
BRDA:186,6,0,21
BRDA:186,6,1,34
BRDA:206,7,0,6
BRDA:206,7,1,55
BRDA:220,8,0,0
BRDA:220,8,1,19
BRDA:233,9,0,0
BRDA:233,9,1,19
BRDA:250,10,0,6
BRDA:250,10,1,13
BRDA:259,11,0,9
BRDA:259,11,1,0
BRDA:266,12,0,0
BRDA:266,12,1,21
BRDA:270,13,0,1
BRDA:270,13,1,20
BRDA:277,14,0,10
BRDA:277,14,1,10
BRDA:278,15,0,20
BRDA:278,15,1,11
BRDA:298,16,0,1
BRDA:298,16,1,137
BRDA:333,17,0,138
BRDA:333,17,1,0
BRDA:349,18,0,138
BRDA:349,18,1,0
BRDA:364,19,0,145
BRDA:364,19,1,1
BRDA:380,20,0,170
BRDA:380,20,1,55
BRDA:380,20,2,116
BRDA:380,20,3,45
BRDA:380,20,4,55
BRDA:381,21,0,61
BRDA:381,21,1,109
BRDA:440,22,0,0
BRDA:440,22,1,64
BRDA:449,23,0,10
BRDA:449,23,1,54
BRDA:451,24,0,4
BRDA:451,24,1,6
BRDA:453,25,0,2
BRDA:453,25,1,2
BRDA:458,26,0,2
BRDA:458,26,1,8
BRDA:467,27,0,4
BRDA:467,27,1,4
BRDA:481,28,0,58
BRDA:481,28,1,0
BRDA:483,29,0,25
BRDA:483,29,1,33
BRDA:499,30,0,48
BRDA:499,30,1,9
BRDA:513,31,0,57
BRDA:513,31,1,1
BRDA:532,32,0,30
BRDA:532,32,1,9
BRDA:535,33,0,21
BRDA:535,33,1,9
BRDA:536,34,0,16
BRDA:536,34,1,5
BRDA:554,35,0,27
BRDA:554,35,1,1
BRDA:558,36,0,1
BRDA:558,36,1,26
BRDA:566,37,0,4
BRDA:566,37,1,22
BRDA:590,38,0,27
BRDA:590,38,1,9
BRDA:591,39,0,20
BRDA:591,39,1,7
BRDA:591,40,0,27
BRDA:591,40,1,20
BRDA:622,41,0,1
BRDA:622,41,1,64
BRDA:627,42,0,1
BRDA:627,42,1,64
BRDA:632,43,0,1
BRDA:632,43,1,64
BRF:91
BRH:82
end_of_record
TN:
SF:src/core/index.html.ts
FNF:0
FNH:0
DA:1,27
LF:1
LH:1
BRF:0
BRH:0
end_of_record
TN:
SF:src/core/metadata.ts
FN:8,(anonymous_0)
FN:17,(anonymous_1)
FN:30,(anonymous_2)
FN:52,(anonymous_3)
FN:62,(anonymous_4)
FN:81,(anonymous_5)
FN:94,(anonymous_6)
FN:102,(anonymous_7)
FNF:8
FNH:8
FNDA:24,(anonymous_0)
FNDA:24,(anonymous_1)
FNDA:402,(anonymous_2)
FNDA:24,(anonymous_3)
FNDA:67,(anonymous_4)
FNDA:111,(anonymous_5)
FNDA:39,(anonymous_6)
FNDA:5,(anonymous_7)
DA:2,27
DA:7,27
DA:8,24
DA:16,27
DA:18,24
DA:19,24
DA:20,24
DA:21,24
DA:22,24
DA:29,27
DA:31,402
DA:32,402
DA:34,402
DA:35,402
DA:36,402
DA:39,402
DA:40,402
DA:42,402
DA:45,402
DA:51,27
DA:53,24
DA:54,24
DA:55,24
DA:62,27
DA:64,67
DA:65,67
DA:66,67
DA:72,27
DA:80,27
DA:82,111
DA:83,111
DA:84,111
DA:85,111
DA:92,27
DA:94,39
DA:96,39
DA:102,27
DA:106,5
DA:110,27
DA:114,27
DA:117,27
DA:120,27
LF:42
LH:42
BRF:0
BRH:0
end_of_record
TN:
SF:src/core/openapi.ts
FN:36,isNativeType
FN:46,(anonymous_2)
FN:79,(anonymous_3)
FN:101,(anonymous_4)
FN:113,(anonymous_5)
FN:119,(anonymous_6)
FN:138,(anonymous_7)
FN:152,(anonymous_8)
FN:218,(anonymous_9)
FN:234,(anonymous_10)
FN:239,(anonymous_11)
FN:246,(anonymous_12)
FN:256,(anonymous_13)
FN:266,(anonymous_14)
FN:271,(anonymous_15)
FN:278,(anonymous_16)
FN:280,(anonymous_17)
FN:287,(anonymous_18)
FN:367,(anonymous_19)
FN:404,(anonymous_20)
FN:431,(anonymous_21)
FNF:21
FNH:21
FNDA:57,isNativeType
FNDA:63,(anonymous_2)
FNDA:6,(anonymous_3)
FNDA:6,(anonymous_4)
FNDA:31,(anonymous_5)
FNDA:6,(anonymous_6)
FNDA:12,(anonymous_7)
FNDA:45,(anonymous_8)
FNDA:6,(anonymous_9)
FNDA:2,(anonymous_10)
FNDA:1,(anonymous_11)
FNDA:1,(anonymous_12)
FNDA:1,(anonymous_13)
FNDA:6,(anonymous_14)
FNDA:5,(anonymous_15)
FNDA:37,(anonymous_16)
FNDA:31,(anonymous_17)
FNDA:60,(anonymous_18)
FNDA:3,(anonymous_19)
FNDA:2,(anonymous_20)
FNDA:60,(anonymous_21)
DA:1,27
DA:2,27
DA:3,27
DA:14,27
DA:15,27
DA:16,27
DA:20,27
DA:21,27
DA:31,27
DA:32,27
DA:33,27
DA:34,27
DA:37,57
DA:43,27
DA:44,27
DA:47,63
DA:48,63
DA:51,63
DA:57,63
DA:58,63
DA:59,63
DA:61,63
DA:62,63
DA:63,63
DA:65,63
DA:66,63
DA:67,63
DA:69,63
DA:70,63
DA:71,63
DA:73,63
DA:74,63
DA:75,63
DA:80,6
DA:84,6
DA:89,6
DA:90,6
DA:93,6
DA:97,6
DA:98,6
DA:99,6
DA:101,6
DA:103,6
DA:104,6
DA:105,6
DA:106,5
DA:107,5
DA:113,6
DA:114,31
DA:119,6
DA:120,6
DA:125,6
DA:126,3
DA:135,6
DA:143,12
DA:144,12
DA:152,12
DA:153,45
DA:154,45
DA:155,45
DA:156,45
DA:157,18
DA:161,27
DA:162,12
DA:163,9
DA:170,3
DA:171,3
DA:172,3
DA:173,3
DA:175,3
DA:184,15
DA:185,3
DA:190,12
DA:191,12
DA:192,3
DA:196,3
DA:198,9
DA:199,9
DA:200,6
DA:204,6
DA:206,3
DA:215,12
DA:223,6
DA:229,6
DA:230,6
DA:235,2
DA:240,1
DA:241,1
DA:242,1
DA:247,1
DA:248,1
DA:252,1
DA:257,1
DA:258,1
DA:262,1
DA:267,6
DA:277,5
DA:278,5
DA:279,37
DA:280,37
DA:281,31
DA:284,37
DA:285,37
DA:287,37
DA:288,60
DA:289,30
DA:291,60
DA:295,60
DA:296,30
DA:297,3
DA:305,27
DA:306,27
DA:307,24
DA:308,24
DA:316,3
DA:328,37
DA:329,7
DA:334,37
DA:335,37
DA:336,30
DA:337,3
DA:347,27
DA:356,27
DA:357,27
DA:358,24
DA:363,37
DA:367,37
DA:368,3
DA:369,3
DA:370,3
DA:372,3
DA:393,37
DA:394,37
DA:400,37
DA:401,37
DA:402,37
DA:404,37
DA:405,2
DA:408,37
DA:409,30
DA:412,37
DA:413,30
DA:416,37
DA:417,3
DA:420,37
DA:421,30
DA:422,30
DA:429,37
DA:431,37
DA:432,60
DA:444,5
LF:151
LH:151
BRDA:37,0,0,57
BRDA:37,0,1,51
BRDA:37,0,2,36
BRDA:85,1,0,6
BRDA:85,1,1,0
BRDA:86,2,0,6
BRDA:86,2,1,0
BRDA:89,3,0,6
BRDA:89,3,1,0
BRDA:103,4,0,6
BRDA:103,4,1,4
BRDA:105,5,0,5
BRDA:105,5,1,1
BRDA:107,6,0,5
BRDA:107,6,1,5
BRDA:125,7,0,3
BRDA:125,7,1,3
BRDA:156,8,0,18
BRDA:156,8,1,27
BRDA:161,9,0,12
BRDA:161,9,1,15
BRDA:162,10,0,9
BRDA:162,10,1,3
BRDA:170,11,0,3
BRDA:170,11,1,0
BRDA:172,12,0,3
BRDA:172,12,1,0
BRDA:184,13,0,3
BRDA:184,13,1,12
BRDA:191,14,0,3
BRDA:191,14,1,9
BRDA:199,15,0,6
BRDA:199,15,1,3
BRDA:288,16,0,30
BRDA:288,16,1,30
BRDA:288,17,0,60
BRDA:288,17,1,60
BRDA:293,18,0,60
BRDA:293,18,1,30
BRDA:295,19,0,30
BRDA:295,19,1,30
BRDA:296,20,0,3
BRDA:296,20,1,27
BRDA:306,21,0,24
BRDA:306,21,1,3
BRDA:328,22,0,7
BRDA:328,22,1,30
BRDA:335,23,0,30
BRDA:335,23,1,7
BRDA:336,24,0,3
BRDA:336,24,1,27
BRDA:357,25,0,24
BRDA:357,25,1,3
BRDA:369,26,0,3
BRDA:369,26,1,0
BRDA:408,27,0,30
BRDA:408,27,1,7
BRDA:412,28,0,30
BRDA:412,28,1,7
BRDA:416,29,0,3
BRDA:416,29,1,34
BRDA:420,30,0,30
BRDA:420,30,1,7
BRF:63
BRH:57
end_of_record
TN:
SF:src/core/websocket-stream.ts
FN:35,(anonymous_0)
FN:59,(anonymous_1)
FN:64,(anonymous_2)
FN:69,(anonymous_3)
FN:85,(anonymous_4)
FN:93,(anonymous_5)
FN:99,(anonymous_6)
FN:104,(anonymous_7)
FN:120,(anonymous_8)
FNF:9
FNH:9
FNDA:19,(anonymous_0)
FNDA:2,(anonymous_1)
FNDA:1,(anonymous_2)
FNDA:134636,(anonymous_3)
FNDA:16,(anonymous_4)
FNDA:35,(anonymous_5)
FNDA:18,(anonymous_6)
FNDA:9,(anonymous_7)
FNDA:35,(anonymous_8)
DA:1,27
DA:4,27
DA:7,27
DA:10,27
DA:34,27
DA:36,19
DA:37,19
DA:38,19
DA:40,19
DA:41,19
DA:42,18
DA:47,19
DA:53,19
DA:59,19
DA:60,2
DA:65,1
DA:70,134636
DA:72,134636
DA:73,134636
DA:74,1
DA:75,1
DA:77,134634
DA:78,134634
DA:80,1
DA:86,16
DA:87,16
DA:89,16
DA:94,35
DA:95,35
DA:101,18
DA:103,18
DA:104,18
DA:105,9
DA:106,9
DA:110,0
DA:111,0
DA:113,9
DA:114,9
DA:121,35
DA:122,18
DA:123,18
LF:41
LH:39
BRDA:41,0,0,18
BRDA:41,0,1,1
BRDA:72,1,0,134636
BRDA:72,1,1,134636
BRDA:73,2,0,1
BRDA:73,2,1,134634
BRDA:101,3,0,18
BRDA:101,3,1,17
BRDA:106,4,0,0
BRDA:106,4,1,9
BRDA:107,5,0,9
BRDA:107,5,1,8
BRDA:121,6,0,18
BRDA:121,6,1,17
BRF:14
BRH:13
end_of_record
TN:
SF:src/decorators/bearer-auth.decorator.ts
FN:8,bearerAuth
FN:9,(anonymous_1)
FN:17,(anonymous_2)
FN:23,(anonymous_3)
FNF:4
FNH:4
FNDA:13,bearerAuth
FNDA:13,(anonymous_1)
FNDA:2,(anonymous_2)
FNDA:3,(anonymous_3)
DA:2,27
DA:8,27
DA:9,13
DA:15,13
DA:17,2
DA:20,13
DA:21,13
DA:23,3
DA:26,13
DA:28,13
LF:10
LH:10
BRDA:16,0,0,13
BRDA:16,0,1,1
BRDA:22,1,0,12
BRDA:22,1,1,1
BRF:4
BRH:4
end_of_record
TN:
SF:src/decorators/callback.decorator.ts
FN:9,callback
FN:10,(anonymous_1)
FN:18,(anonymous_2)
FN:24,(anonymous_3)
FNF:4
FNH:4
FNDA:3,callback
FNDA:3,(anonymous_1)
FNDA:1,(anonymous_2)
FNDA:3,(anonymous_3)
DA:2,27
DA:9,27
DA:10,3
DA:16,3
DA:18,1
DA:21,3
DA:22,3
DA:24,3
DA:27,3
DA:29,3
LF:10
LH:10
BRDA:17,0,0,3
BRDA:17,0,1,1
BRDA:23,1,0,2
BRDA:23,1,1,1
BRF:4
BRH:4
end_of_record
TN:
SF:src/decorators/controller.decorator.ts
FN:4,controller
FN:6,(anonymous_1)
FN:9,(anonymous_2)
FNF:3
FNH:3
FNDA:44,controller
FNDA:44,(anonymous_1)
FNDA:24,(anonymous_2)
DA:2,27
DA:4,27
DA:6,44
DA:7,44
DA:9,24
DA:12,44
DA:13,44
DA:14,44
DA:15,1
DA:18,44
LF:10
LH:10
BRDA:13,0,0,44
BRDA:13,0,1,31
BRDA:14,1,0,1
BRDA:14,1,1,43
BRDA:14,2,0,44
BRDA:14,2,1,13
BRF:6
BRH:6
end_of_record
TN:
SF:src/decorators/description.decorator.ts
FN:8,description
FN:9,(anonymous_1)
FN:17,(anonymous_2)
FN:23,(anonymous_3)
FNF:4
FNH:4
FNDA:12,description
FNDA:12,(anonymous_1)
FNDA:1,(anonymous_2)
FNDA:2,(anonymous_3)
DA:2,27
DA:8,27
DA:9,12
DA:15,12
DA:17,1
DA:20,12
DA:21,12
DA:23,2
DA:26,12
DA:28,12
LF:10
LH:10
BRDA:16,0,0,12
BRDA:16,0,1,1
BRDA:22,1,0,11
BRDA:22,1,1,1
BRF:4
BRH:4
end_of_record
TN:
SF:src/decorators/inject.decorator.ts
FN:9,inject
FN:10,(anonymous_1)
FN:17,(anonymous_2)
FNF:3
FNH:3
FNDA:24,inject
FNDA:24,(anonymous_1)
FNDA:12,(anonymous_2)
DA:3,27
DA:9,27
DA:10,24
DA:15,24
DA:17,12
DA:20,24
DA:28,24
LF:7
LH:7
BRDA:16,0,0,24
BRDA:16,0,1,12
BRF:2
BRH:2
end_of_record
TN:
SF:src/decorators/model.decorator.ts
FN:5,model
FN:7,(anonymous_1)
FN:10,(anonymous_2)
FNF:3
FNH:3
FNDA:36,model
FNDA:36,(anonymous_1)
FNDA:1,(anonymous_2)
DA:3,27
DA:5,27
DA:7,36
DA:8,36
DA:10,1
DA:12,36
DA:13,36
LF:7
LH:7
BRF:0
BRH:0
end_of_record
TN:
SF:src/decorators/operation.decorator.ts
FN:9,operation
FN:10,(anonymous_1)
FN:17,(anonymous_2)
FN:23,(anonymous_3)
FN:34,get
FN:44,put
FN:54,post
FN:64,patch
FN:74,del
FN:84,webhookCallback
FNF:10
FNH:10
FNDA:59,operation
FNDA:59,(anonymous_1)
FNDA:12,(anonymous_2)
FNDA:43,(anonymous_3)
FNDA:21,get
FNDA:8,put
FNDA:13,post
FNDA:7,patch
FNDA:8,del
FNDA:2,webhookCallback
DA:3,27
DA:9,27
DA:10,59
DA:15,59
DA:17,12
DA:20,59
DA:21,59
DA:23,43
DA:26,59
DA:27,59
DA:28,59
DA:30,59
DA:34,27
DA:41,21
DA:44,27
DA:51,8
DA:54,27
DA:61,13
DA:64,27
DA:71,7
DA:74,27
DA:81,8
DA:84,27
DA:91,2
LF:24
LH:24
BRDA:16,0,0,59
BRDA:16,0,1,7
BRDA:22,1,0,52
BRDA:22,1,1,7
BRF:4
BRH:4
end_of_record
TN:
SF:src/decorators/path-parameter.decorator.ts
FN:10,pathParameter
FN:11,(anonymous_1)
FN:27,(anonymous_2)
FN:33,(anonymous_3)
FNF:4
FNH:4
FNDA:13,pathParameter
FNDA:13,(anonymous_1)
FNDA:1,(anonymous_2)
FNDA:2,(anonymous_3)
DA:2,27
DA:10,27
DA:11,13
DA:17,13
DA:22,1
DA:25,12
DA:27,1
DA:30,12
DA:31,12
DA:33,2
DA:36,12
DA:46,12
LF:12
LH:12
BRDA:17,0,0,1
BRDA:17,0,1,12
BRDA:18,1,0,13
BRDA:18,1,1,12
BRDA:18,1,2,2
BRDA:26,2,0,12
BRDA:26,2,1,1
BRDA:32,3,0,11
BRDA:32,3,1,1
BRF:9
BRH:9
end_of_record
TN:
SF:src/decorators/path-vendor-extensions.decorator.ts
FN:15,addPathVendorExtension
FN:24,(anonymous_1)
FN:30,(anonymous_2)
FN:43,pathVendorExtension
FN:44,(anonymous_4)
FNF:5
FNH:5
FNDA:2,addPathVendorExtension
FNDA:1,(anonymous_1)
FNDA:2,(anonymous_2)
FNDA:2,pathVendorExtension
FNDA:2,(anonymous_4)
DA:2,27
DA:15,27
DA:22,2
DA:24,1
DA:27,2
DA:28,2
DA:30,2
DA:33,2
DA:43,27
DA:44,2
DA:50,2
DA:51,2
LF:12
LH:12
BRDA:23,0,0,2
BRDA:23,0,1,1
BRDA:29,1,0,1
BRDA:29,1,1,1
BRF:4
BRH:4
end_of_record
TN:
SF:src/decorators/property.decorator.ts
FN:12,property
FN:13,(anonymous_1)
FN:20,(anonymous_2)
FN:34,arrayProperty
FN:35,(anonymous_4)
FN:42,(anonymous_5)
FN:56,enumProperty
FN:61,(anonymous_7)
FN:68,(anonymous_8)
FN:76,(anonymous_9)
FN:83,(anonymous_10)
FN:91,(anonymous_11)
FN:96,(anonymous_12)
FNF:13
FNH:13
FNDA:101,property
FNDA:101,(anonymous_1)
FNDA:36,(anonymous_2)
FNDA:5,arrayProperty
FNDA:5,(anonymous_4)
FNDA:1,(anonymous_5)
FNDA:5,enumProperty
FNDA:5,(anonymous_7)
FNDA:1,(anonymous_8)
FNDA:5,(anonymous_9)
FNDA:51,(anonymous_10)
FNDA:6,(anonymous_11)
FNDA:18,(anonymous_12)
DA:3,27
DA:4,27
DA:12,27
DA:13,101
DA:18,101
DA:20,36
DA:22,101
DA:30,101
DA:34,27
DA:35,5
DA:40,5
DA:42,1
DA:44,5
DA:52,5
DA:56,27
DA:61,5
DA:66,5
DA:68,1
DA:70,5
DA:74,5
DA:76,5
DA:79,5
DA:81,5
DA:82,24
DA:83,51
DA:84,24
DA:88,5
DA:90,1
DA:91,6
DA:93,1
DA:95,4
DA:96,18
DA:98,4
DA:101,5
LF:34
LH:34
BRDA:83,0,0,24
BRDA:83,0,1,0
BRDA:89,1,0,1
BRDA:89,1,1,4
BRF:4
BRH:3
end_of_record
TN:
SF:src/decorators/query-parameter.decorator.ts
FN:9,queryParameter
FN:16,(anonymous_1)
FN:32,(anonymous_2)
FN:38,(anonymous_3)
FNF:4
FNH:4
FNDA:13,queryParameter
FNDA:13,(anonymous_1)
FNDA:1,(anonymous_2)
FNDA:2,(anonymous_3)
DA:2,27
DA:9,27
DA:16,13
DA:22,13
DA:27,1
DA:30,12
DA:32,1
DA:35,12
DA:36,12
DA:38,2
DA:41,12
DA:51,12
LF:12
LH:12
BRDA:22,0,0,1
BRDA:22,0,1,12
BRDA:23,1,0,13
BRDA:23,1,1,11
BRDA:23,1,2,2
BRDA:31,2,0,12
BRDA:31,2,1,1
BRDA:37,3,0,11
BRDA:37,3,1,1
BRF:9
BRH:9
end_of_record
TN:
SF:src/decorators/request-body.decorator.ts
FN:9,requestBody
FN:10,(anonymous_1)
FN:18,(anonymous_2)
FN:24,(anonymous_3)
FNF:4
FNH:4
FNDA:17,requestBody
FNDA:17,(anonymous_1)
FNDA:5,(anonymous_2)
FNDA:7,(anonymous_3)
DA:2,27
DA:9,27
DA:10,17
DA:16,17
DA:18,5
DA:21,17
DA:22,17
DA:24,7
DA:27,17
DA:29,17
LF:10
LH:10
BRDA:17,0,0,17
BRDA:17,0,1,2
BRDA:23,1,0,15
BRDA:23,1,1,2
BRF:4
BRH:4
end_of_record
TN:
SF:src/decorators/response-body.decorator.ts
FN:10,responseBody
FN:11,(anonymous_1)
FN:19,(anonymous_2)
FN:25,(anonymous_3)
FN:28,(anonymous_4)
FNF:5
FNH:5
FNDA:12,responseBody
FNDA:12,(anonymous_1)
FNDA:1,(anonymous_2)
FNDA:2,(anonymous_3)
FNDA:12,(anonymous_4)
DA:2,27
DA:10,27
DA:11,12
DA:17,12
DA:19,1
DA:22,12
DA:23,12
DA:25,2
DA:28,12
DA:31,12
LF:10
LH:10
BRDA:18,0,0,12
BRDA:18,0,1,1
BRDA:24,1,0,11
BRDA:24,1,1,1
BRF:4
BRH:4
end_of_record
TN:
SF:src/decorators/response.decorator.ts
FN:10,response
FN:11,(anonymous_1)
FN:19,(anonymous_2)
FN:25,(anonymous_3)
FN:30,(anonymous_4)
FNF:5
FNH:5
FNDA:12,response
FNDA:12,(anonymous_1)
FNDA:2,(anonymous_2)
FNDA:11,(anonymous_3)
FNDA:12,(anonymous_4)
DA:2,27
DA:10,27
DA:11,12
DA:17,12
DA:19,2
DA:22,12
DA:23,12
DA:25,11
DA:28,12
DA:30,12
DA:33,12
LF:11
LH:11
BRDA:18,0,0,12
BRDA:18,0,1,1
BRDA:24,1,0,11
BRDA:24,1,1,1
BRF:4
BRH:4
end_of_record
TN:
SF:src/decorators/service.decorator.ts
FN:4,service
FN:6,(anonymous_1)
FN:9,(anonymous_2)
FNF:3
FNH:3
FNDA:23,service
FNDA:23,(anonymous_1)
FNDA:23,(anonymous_2)
DA:2,27
DA:4,27
DA:6,23
DA:7,23
DA:9,23
DA:11,23
DA:13,23
LF:7
LH:7
BRF:0
BRH:0
end_of_record
TN:
SF:src/decorators/summary.decorator.ts
FN:8,summary
FN:9,(anonymous_1)
FN:17,(anonymous_2)
FN:23,(anonymous_3)
FNF:4
FNH:4
FNDA:12,summary
FNDA:12,(anonymous_1)
FNDA:1,(anonymous_2)
FNDA:2,(anonymous_3)
DA:2,27
DA:8,27
DA:9,12
DA:15,12
DA:17,1
DA:20,12
DA:21,12
DA:23,2
DA:26,12
DA:28,12
LF:10
LH:10
BRDA:16,0,0,12
BRDA:16,0,1,1
BRDA:22,1,0,11
BRDA:22,1,1,1
BRF:4
BRH:4
end_of_record
TN:
SF:src/decorators/websocket.decorator.ts
FN:10,websocket
FN:11,(anonymous_1)
FN:18,(anonymous_2)
FN:24,(anonymous_3)
FNF:4
FNH:4
FNDA:10,websocket
FNDA:10,(anonymous_1)
FNDA:3,(anonymous_2)
FNDA:8,(anonymous_3)
DA:4,27
DA:10,27
DA:11,10
DA:16,10
DA:18,3
DA:21,10
DA:22,10
DA:24,8
DA:27,10
DA:28,10
DA:29,10
DA:30,10
DA:31,10
LF:13
LH:13
BRDA:17,0,0,10
BRDA:17,0,1,5
BRDA:23,1,0,5
BRDA:23,1,1,5
BRF:4
BRH:4
end_of_record
TN:
SF:src/logger/pino-console-logger.ts
FN:8,(anonymous_1)
FN:27,(anonymous_2)
FN:40,(anonymous_3)
FN:44,(anonymous_4)
FN:48,(anonymous_5)
FN:52,(anonymous_6)
FNF:6
FNH:6
FNDA:5,(anonymous_1)
FNDA:1,(anonymous_2)
FNDA:1,(anonymous_3)
FNDA:1,(anonymous_4)
FNDA:1,(anonymous_5)
FNDA:1,(anonymous_6)
DA:1,27
DA:7,27
DA:9,5
DA:17,5
DA:18,4
DA:23,1
DA:27,1
DA:41,1
DA:45,1
DA:49,1
DA:53,1
LF:11
LH:11
BRDA:17,0,0,4
BRDA:17,0,1,1
BRF:2
BRH:2
end_of_record
TN:
SF:src/logger/pino-file-logger.ts
FN:10,(anonymous_7)
FN:38,(anonymous_8)
FN:42,(anonymous_9)
FN:46,(anonymous_10)
FN:50,(anonymous_11)
FNF:5
FNH:5
FNDA:73,(anonymous_7)
FNDA:430,(anonymous_8)
FNDA:187,(anonymous_9)
FNDA:5,(anonymous_10)
FNDA:24,(anonymous_11)
DA:1,27
DA:2,27
DA:3,27
DA:9,27
DA:11,73
DA:12,73
DA:13,73
DA:17,73
DA:18,1
DA:21,73
DA:22,73
DA:39,430
DA:43,187
DA:47,5
DA:51,24
LF:15
LH:15
BRDA:17,0,0,1
BRDA:17,0,1,72
BRF:2
BRH:2
end_of_record
TN:
SF:src/models/http-status.ts
FNF:0
FNH:0
DA:1,27
DA:4,27
LF:2
LH:2
BRF:0
BRH:0
end_of_record
TN:
SF:src/models/webhook-subscription-request.ts
FNF:0
FNH:0
DA:1,27
DA:7,27
DA:15,27
DA:19,27
DA:23,27
LF:5
LH:5
BRF:0
BRH:0
end_of_record
TN:
SF:src/models/websocket-close-code.ts
FN:2,(anonymous_0)
FNF:1
FNH:1
FNDA:27,(anonymous_0)
DA:2,27
DA:4,27
DA:7,27
DA:10,27
DA:13,27
DA:16,27
DA:19,27
LF:7
LH:7
BRDA:2,0,0,27
BRDA:2,0,1,27
BRF:2
BRH:2
end_of_record
TN:
SF:src/util/diff-tools.ts
FN:8,isPrimitiveType
FN:19,(anonymous_1)
FN:29,(anonymous_2)
FN:53,(anonymous_3)
FN:68,(anonymous_4)
FNF:5
FNH:5
FNDA:33,isPrimitiveType
FNDA:12,(anonymous_1)
FNDA:18,(anonymous_2)
FNDA:24,(anonymous_3)
FNDA:9,(anonymous_4)
DA:9,33
DA:17,27
DA:20,12
DA:21,1
DA:23,11
DA:24,1
DA:27,10
DA:28,10
DA:29,10
DA:30,18
DA:31,18
DA:32,18
DA:33,18
DA:34,1
DA:36,17
DA:37,5
DA:38,3
DA:40,12
DA:41,9
DA:42,6
DA:45,3
DA:46,3
DA:47,1
DA:51,10
DA:52,10
DA:53,10
DA:54,24
DA:55,8
DA:58,10
DA:69,9
DA:70,3
DA:72,6
DA:73,17
DA:74,1
DA:76,16
DA:77,15
DA:78,1
DA:81,1
DA:85,3
LF:39
LH:39
BRDA:10,0,0,33
BRDA:10,0,1,26
BRDA:10,0,2,13
BRDA:20,1,0,1
BRDA:20,1,1,11
BRDA:23,2,0,1
BRDA:23,2,1,10
BRDA:33,3,0,1
BRDA:33,3,1,17
BRDA:33,4,0,18
BRDA:33,4,1,1
BRDA:36,5,0,5
BRDA:36,5,1,12
BRDA:37,6,0,3
BRDA:37,6,1,2
BRDA:40,7,0,9
BRDA:40,7,1,3
BRDA:41,8,0,6
BRDA:41,8,1,3
BRDA:46,9,0,1
BRDA:46,9,1,2
BRDA:46,10,0,3
BRDA:46,10,1,1
BRDA:54,11,0,8
BRDA:54,11,1,16
BRDA:59,12,0,6
BRDA:59,12,1,4
BRDA:60,13,0,3
BRDA:60,13,1,7
BRDA:69,14,0,3
BRDA:69,14,1,6
BRDA:73,15,0,1
BRDA:73,15,1,16
BRDA:76,16,0,15
BRDA:76,16,1,1
BRDA:77,17,0,1
BRDA:77,17,1,14
BRF:37
BRH:37
end_of_record
TN:
SF:src/util/map-ext.ts
FN:5,(anonymous_0)
FNF:1
FNH:1
FNDA:658,(anonymous_0)
DA:4,27
DA:6,658
DA:7,658
DA:8,277
DA:9,277
DA:11,658
LF:6
LH:6
BRDA:7,0,0,277
BRDA:7,0,1,381
BRF:2
BRH:2
end_of_record
TN:
SF:src/util/rxjs-helper.ts
FN:4,subscribeUntil
FN:9,(anonymous_1)
FN:11,(anonymous_2)
FNF:3
FNH:3
FNDA:2,subscribeUntil
FNDA:2,(anonymous_1)
FNDA:2,(anonymous_2)
DA:1,27
DA:4,27
DA:9,2
DA:10,2
DA:11,2
DA:12,2
DA:13,2
LF:7
LH:7
BRF:0
BRH:0
end_of_record
TN:
SF:src/util/test-app.ts
FN:14,(anonymous_0)
FN:22,(anonymous_1)
FNF:2
FNH:2
FNDA:60,(anonymous_0)
FNDA:57,(anonymous_1)
DA:1,27
DA:2,27
DA:11,27
DA:19,60
DA:23,57
LF:5
LH:5
BRDA:17,0,0,59
BRF:1
BRH:1
end_of_record
TN:
SF:src/util/webhook-callback-registry.ts
FN:19,(anonymous_1)
FN:33,(anonymous_2)
FN:57,(anonymous_3)
FN:58,(anonymous_4)
FN:64,(anonymous_5)
FN:84,(anonymous_6)
FN:109,(anonymous_7)
FN:110,(anonymous_8)
FN:117,(anonymous_9)
FN:118,(anonymous_10)
FN:121,(anonymous_11)
FN:124,(anonymous_12)
FN:131,(anonymous_13)
FNF:13
FNH:13
FNDA:1,(anonymous_1)
FNDA:12,(anonymous_2)
FNDA:6,(anonymous_3)
FNDA:4,(anonymous_4)
FNDA:3,(anonymous_5)
FNDA:3,(anonymous_6)
FNDA:1,(anonymous_7)
FNDA:2,(anonymous_8)
FNDA:6,(anonymous_9)
FNDA:6,(anonymous_10)
FNDA:2,(anonymous_11)
FNDA:4,(anonymous_12)
FNDA:13,(anonymous_13)
DA:1,27
DA:2,27
DA:3,27
DA:4,27
DA:18,27
DA:20,1
DA:24,1
DA:40,12
DA:41,1
DA:46,11
DA:47,11
DA:48,1
DA:53,10
DA:56,10
DA:58,6
DA:59,4
DA:60,4
DA:61,4
DA:65,3
DA:66,3
DA:72,10
DA:74,10
DA:90,3
DA:91,1
DA:96,2
DA:97,2
DA:98,2
DA:99,1
DA:102,1
DA:103,1
DA:105,1
DA:110,1
DA:111,2
DA:113,1
DA:118,6
DA:119,6
DA:122,2
DA:125,4
DA:135,13
DA:136,13
DA:137,13
LF:41
LH:41
BRDA:40,0,0,1
BRDA:40,0,1,11
BRDA:40,1,0,12
BRDA:40,1,1,12
BRDA:40,1,2,12
BRDA:40,1,3,11
BRDA:40,1,4,11
BRDA:47,2,0,1
BRDA:47,2,1,10
BRDA:90,3,0,1
BRDA:90,3,1,2
BRDA:90,4,0,3
BRDA:90,4,1,3
BRDA:90,4,2,3
BRDA:90,4,3,2
BRDA:98,5,0,1
BRDA:98,5,1,1
BRDA:135,6,0,13
BRDA:135,6,1,12
BRDA:138,7,0,12
BRDA:138,7,1,1
BRF:21
BRH:21
end_of_record
TN:
SF:src/vendor/waytrade/index.ts
FN:2,(anonymous_0)
FN:3,(anonymous_1)
FN:4,(anonymous_2)
FN:6,(anonymous_3)
FN:8,(anonymous_4)
FN:10,(anonymous_5)
FN:12,(anonymous_6)
FNF:7
FNH:6
FNDA:0,(anonymous_0)
FNDA:1,(anonymous_1)
FNDA:29,(anonymous_2)
FNDA:15,(anonymous_3)
FNDA:12,(anonymous_4)
FNDA:5,(anonymous_5)
FNDA:61,(anonymous_6)
DA:1,2
DA:2,2
DA:3,3
DA:4,31
DA:6,17
DA:7,2
DA:8,14
DA:10,7
DA:12,63
LF:9
LH:9
BRF:0
BRH:0
end_of_record
TN:
SF:src/vendor/waytrade/models/waytrade-event-message.model.ts
FN:6,(anonymous_2)
FNF:1
FNH:1
FNDA:2,(anonymous_2)
DA:1,2
DA:6,2
DA:7,2
DA:8,2
DA:9,2
DA:10,2
DA:11,2
DA:12,2
DA:17,2
DA:20,2
DA:24,2
DA:29,2
DA:31,2
DA:39,2
DA:43,2
DA:47,2
LF:16
LH:16
BRDA:6,0,0,2
BRDA:6,0,1,2
BRF:2
BRH:2
end_of_record
TN:
SF:src/vendor/waytrade/util/waytrade-event-message-utils.ts
FN:8,(anonymous_0)
FN:18,(anonymous_1)
FN:47,(anonymous_2)
FNF:3
FNH:3
FNDA:12,(anonymous_0)
FNDA:3,(anonymous_1)
FNDA:23,(anonymous_2)
DA:2,2
DA:5,2
DA:9,12
DA:10,2
DA:12,10
DA:22,3
DA:23,3
DA:24,1
DA:25,1
DA:30,1
DA:31,2
DA:32,1
DA:33,1
DA:38,1
DA:40,1
DA:51,23
DA:52,23
DA:53,23
DA:58,6
DA:60,17
DA:65,13
DA:70,4
LF:22
LH:22
BRDA:9,0,0,2
BRDA:9,0,1,10
BRDA:9,1,0,12
BRDA:9,1,1,11
BRDA:23,2,0,1
BRDA:23,2,1,2
BRDA:23,3,0,3
BRDA:23,3,1,3
BRDA:24,4,0,1
BRDA:24,4,1,0
BRDA:31,5,0,1
BRDA:31,5,1,1
BRDA:32,6,0,1
BRDA:32,6,1,0
BRDA:53,7,0,6
BRDA:53,7,1,17
BRDA:54,8,0,23
BRDA:54,8,1,3
BRDA:54,8,2,21
BRDA:54,8,3,20
BRDA:60,9,0,13
BRDA:60,9,1,4
BRDA:61,10,0,17
BRDA:61,10,1,9
BRDA:61,10,2,8
BRF:25
BRH:23
end_of_record
TN:
SF:src/vendor/waytrade/util/waytrade-event-stream.ts
FN:27,(anonymous_1)
FN:42,(anonymous_2)
FN:68,(anonymous_3)
FN:69,(anonymous_4)
FN:105,(anonymous_5)
FN:122,(anonymous_6)
FN:130,(anonymous_7)
FN:138,(anonymous_8)
FN:146,(anonymous_9)
FN:154,(anonymous_10)
FN:174,(anonymous_11)
FN:182,(anonymous_12)
FN:195,(anonymous_13)
FN:220,(anonymous_14)
FN:221,(anonymous_15)
FN:229,(anonymous_16)
FN:237,(anonymous_17)
FN:244,(anonymous_18)
FN:254,(anonymous_19)
FN:264,(anonymous_20)
FN:273,(anonymous_21)
FN:293,(anonymous_22)
FN:296,(anonymous_23)
FN:306,(anonymous_24)
FNF:24
FNH:23
FNDA:2,(anonymous_1)
FNDA:2,(anonymous_2)
FNDA:12,(anonymous_3)
FNDA:12,(anonymous_4)
FNDA:13,(anonymous_5)
FNDA:2,(anonymous_6)
FNDA:1,(anonymous_7)
FNDA:2,(anonymous_8)
FNDA:1,(anonymous_9)
FNDA:6,(anonymous_10)
FNDA:12,(anonymous_11)
FNDA:17,(anonymous_12)
FNDA:20,(anonymous_13)
FNDA:13,(anonymous_14)
FNDA:3,(anonymous_15)
FNDA:0,(anonymous_16)
FNDA:3,(anonymous_17)
FNDA:16,(anonymous_18)
FNDA:50,(anonymous_19)
FNDA:13,(anonymous_20)
FNDA:11,(anonymous_21)
FNDA:10,(anonymous_22)
FNDA:5,(anonymous_23)
FNDA:29,(anonymous_24)
DA:1,2
DA:2,2
DA:3,2
DA:6,2
DA:9,2
DA:27,2
DA:29,2
DA:32,2
DA:35,2
DA:38,2
DA:42,2
DA:47,2
DA:53,2
DA:56,2
DA:67,2
DA:68,12
DA:69,12
DA:76,12
DA:79,12
DA:88,12
DA:91,12
DA:94,12
DA:99,12
DA:102,12
DA:106,13
DA:107,1
DA:109,12
DA:123,2
DA:131,1
DA:139,2
DA:147,1
DA:155,6
DA:156,2
DA:158,6
DA:159,1
DA:161,6
DA:162,4
DA:164,2
DA:168,0
DA:175,12
DA:176,12
DA:177,12
DA:178,12
DA:183,17
DA:184,17
DA:186,17
DA:187,17
DA:189,1
DA:190,1
DA:192,1
DA:195,16
DA:196,20
DA:197,20
DA:198,1
DA:201,19
DA:202,3
DA:203,3
DA:204,3
DA:208,16
DA:209,9
DA:211,7
DA:212,7
DA:213,6
DA:220,16
DA:221,13
DA:222,3
DA:229,13
DA:230,0
DA:232,13
DA:233,13
DA:234,13
DA:237,16
DA:238,3
DA:239,1
DA:241,3
DA:244,16
DA:245,16
DA:246,16
DA:247,16
DA:248,6
DA:255,50
DA:256,50
DA:257,50
DA:258,36
DA:265,13
DA:266,2
DA:269,11
DA:271,11
DA:273,11
DA:274,11
DA:276,11
DA:277,1
DA:278,1
DA:282,1
DA:285,11
DA:286,11
DA:288,11
DA:295,10
DA:296,10
DA:297,5
DA:298,5
DA:299,5
DA:300,5
DA:307,29
DA:308,5
DA:309,5
DA:312,29
DA:313,11
DA:314,11
DA:317,29
DA:318,9
DA:319,3
DA:321,6
DA:323,9
DA:325,20
DA:326,20
DA:327,20
DA:328,12
DA:329,12
DA:330,8
DA:331,1
DA:332,1
DA:334,7
DA:335,7
LF:124
LH:122
BRDA:27,0,0,2
BRDA:27,0,1,2
BRDA:42,1,0,2
BRDA:42,1,1,2
BRDA:106,2,0,1
BRDA:106,2,1,12
BRDA:155,3,0,2
BRDA:155,3,1,4
BRDA:158,4,0,1
BRDA:158,4,1,5
BRDA:161,5,0,4
BRDA:161,5,1,2
BRDA:161,6,0,6
BRDA:161,6,1,4
BRDA:164,7,0,0
BRDA:164,7,1,2
BRDA:165,8,0,2
BRDA:165,8,1,2
BRDA:189,9,0,1
BRDA:189,9,1,0
BRDA:197,10,0,1
BRDA:197,10,1,19
BRDA:201,11,0,3
BRDA:201,11,1,16
BRDA:203,12,0,3
BRDA:203,12,1,0
BRDA:208,13,0,9
BRDA:208,13,1,7
BRDA:212,14,0,6
BRDA:212,14,1,1
BRDA:238,15,0,1
BRDA:238,15,1,2
BRDA:247,16,0,6
BRDA:247,16,1,10
BRDA:255,17,0,50
BRDA:255,17,1,0
BRDA:257,18,0,36
BRDA:257,18,1,14
BRDA:265,19,0,2
BRDA:265,19,1,11
BRDA:271,20,0,11
BRDA:271,20,1,9
BRDA:276,21,0,1
BRDA:276,21,1,10
BRDA:276,22,0,11
BRDA:276,22,1,9
BRDA:295,23,0,10
BRDA:295,23,1,2
BRDA:297,24,0,5
BRDA:297,24,1,0
BRDA:307,25,0,5
BRDA:307,25,1,24
BRDA:312,26,0,11
BRDA:312,26,1,18
BRDA:317,27,0,9
BRDA:317,27,1,20
BRDA:318,28,0,3
BRDA:318,28,1,6
BRDA:327,29,0,12
BRDA:327,29,1,8
BRDA:330,30,0,1
BRDA:330,30,1,7
BRF:62
BRH:57
end_of_record
